-------------------------------------------------------------------------------
Test set: com.springboot.microservice.customer.SpringBootMicroserviceCustomerApplicationTests
-------------------------------------------------------------------------------
Tests run: 1, Failures: 0, Errors: 1, Skipped: 0, Time elapsed: 72.654 s <<< FAILURE! - in com.springboot.microservice.customer.SpringBootMicroserviceCustomerApplicationTests
contextLoads(com.springboot.microservice.customer.SpringBootMicroserviceCustomerApplicationTests)  Time elapsed: 0.023 s  <<< ERROR!
java.lang.IllegalStateException: Failed to load ApplicationContext
Caused by: org.springframework.beans.factory.BeanCreationException: 
Error creating bean with name 'requestMappingHandlerAdapter' defined in class path resource [org/springframework/boot/autoconfigure/web/servlet/WebMvcAutoConfiguration$EnableWebMvcConfiguration.class]: Bean instantiation via factory method failed; nested exception is org.springframework.beans.BeanInstantiationException: Failed to instantiate [org.springframework.web.servlet.mvc.method.annotation.RequestMappingHandlerAdapter]: Factory method 'requestMappingHandlerAdapter' threw exception; nested exception is org.springframework.beans.factory.BeanCreationException: Error creating bean with name 'mvcConversionService' defined in class path resource [org/springframework/boot/autoconfigure/web/servlet/WebMvcAutoConfiguration$EnableWebMvcConfiguration.class]: Bean instantiation via factory method failed; nested exception is org.springframework.beans.BeanInstantiationException: Failed to instantiate [org.springframework.format.support.FormattingConversionService]: Factory method 'mvcConversionService' threw exception; nested exception is org.springframework.beans.factory.BeanCreationException: Error creating bean with name 'customerRepository': Cannot create inner bean '(inner bean)#6ee88e21' of type [org.springframework.orm.jpa.SharedEntityManagerCreator] while setting bean property 'entityManager'; nested exception is org.springframework.beans.factory.BeanCreationException: Error creating bean with name '(inner bean)#6ee88e21': Cannot resolve reference to bean 'entityManagerFactory' while setting constructor argument; nested exception is org.springframework.beans.factory.BeanCreationException: Error creating bean with name 'entityManagerFactory': Post-processing of FactoryBean's singleton object failed; nested exception is org.springframework.jdbc.datasource.init.ScriptStatementFailedException: Failed to execute SQL script statement #1 of URL [file:/C:/workspace/spring-boot-customer-service/target/classes/data.sql]: insert into exchange_value(id,currency_from,currency_to,conversion_multiple,port) values(10001,'USD','INR',65,0); nested exception is org.h2.jdbc.JdbcSQLException: Table "EXCHANGE_VALUE" not found; SQL statement:
insert into exchange_value(id,currency_from,currency_to,conversion_multiple,port) values(10001,'USD','INR',65,0) [42102-196]
Caused by: org.springframework.beans.BeanInstantiationException: 
Failed to instantiate [org.springframework.web.servlet.mvc.method.annotation.RequestMappingHandlerAdapter]: Factory method 'requestMappingHandlerAdapter' threw exception; nested exception is org.springframework.beans.factory.BeanCreationException: Error creating bean with name 'mvcConversionService' defined in class path resource [org/springframework/boot/autoconfigure/web/servlet/WebMvcAutoConfiguration$EnableWebMvcConfiguration.class]: Bean instantiation via factory method failed; nested exception is org.springframework.beans.BeanInstantiationException: Failed to instantiate [org.springframework.format.support.FormattingConversionService]: Factory method 'mvcConversionService' threw exception; nested exception is org.springframework.beans.factory.BeanCreationException: Error creating bean with name 'customerRepository': Cannot create inner bean '(inner bean)#6ee88e21' of type [org.springframework.orm.jpa.SharedEntityManagerCreator] while setting bean property 'entityManager'; nested exception is org.springframework.beans.factory.BeanCreationException: Error creating bean with name '(inner bean)#6ee88e21': Cannot resolve reference to bean 'entityManagerFactory' while setting constructor argument; nested exception is org.springframework.beans.factory.BeanCreationException: Error creating bean with name 'entityManagerFactory': Post-processing of FactoryBean's singleton object failed; nested exception is org.springframework.jdbc.datasource.init.ScriptStatementFailedException: Failed to execute SQL script statement #1 of URL [file:/C:/workspace/spring-boot-customer-service/target/classes/data.sql]: insert into exchange_value(id,currency_from,currency_to,conversion_multiple,port) values(10001,'USD','INR',65,0); nested exception is org.h2.jdbc.JdbcSQLException: Table "EXCHANGE_VALUE" not found; SQL statement:
insert into exchange_value(id,currency_from,currency_to,conversion_multiple,port) values(10001,'USD','INR',65,0) [42102-196]
Caused by: org.springframework.beans.factory.BeanCreationException: 
Error creating bean with name 'mvcConversionService' defined in class path resource [org/springframework/boot/autoconfigure/web/servlet/WebMvcAutoConfiguration$EnableWebMvcConfiguration.class]: Bean instantiation via factory method failed; nested exception is org.springframework.beans.BeanInstantiationException: Failed to instantiate [org.springframework.format.support.FormattingConversionService]: Factory method 'mvcConversionService' threw exception; nested exception is org.springframework.beans.factory.BeanCreationException: Error creating bean with name 'customerRepository': Cannot create inner bean '(inner bean)#6ee88e21' of type [org.springframework.orm.jpa.SharedEntityManagerCreator] while setting bean property 'entityManager'; nested exception is org.springframework.beans.factory.BeanCreationException: Error creating bean with name '(inner bean)#6ee88e21': Cannot resolve reference to bean 'entityManagerFactory' while setting constructor argument; nested exception is org.springframework.beans.factory.BeanCreationException: Error creating bean with name 'entityManagerFactory': Post-processing of FactoryBean's singleton object failed; nested exception is org.springframework.jdbc.datasource.init.ScriptStatementFailedException: Failed to execute SQL script statement #1 of URL [file:/C:/workspace/spring-boot-customer-service/target/classes/data.sql]: insert into exchange_value(id,currency_from,currency_to,conversion_multiple,port) values(10001,'USD','INR',65,0); nested exception is org.h2.jdbc.JdbcSQLException: Table "EXCHANGE_VALUE" not found; SQL statement:
insert into exchange_value(id,currency_from,currency_to,conversion_multiple,port) values(10001,'USD','INR',65,0) [42102-196]
Caused by: org.springframework.beans.BeanInstantiationException: 
Failed to instantiate [org.springframework.format.support.FormattingConversionService]: Factory method 'mvcConversionService' threw exception; nested exception is org.springframework.beans.factory.BeanCreationException: Error creating bean with name 'customerRepository': Cannot create inner bean '(inner bean)#6ee88e21' of type [org.springframework.orm.jpa.SharedEntityManagerCreator] while setting bean property 'entityManager'; nested exception is org.springframework.beans.factory.BeanCreationException: Error creating bean with name '(inner bean)#6ee88e21': Cannot resolve reference to bean 'entityManagerFactory' while setting constructor argument; nested exception is org.springframework.beans.factory.BeanCreationException: Error creating bean with name 'entityManagerFactory': Post-processing of FactoryBean's singleton object failed; nested exception is org.springframework.jdbc.datasource.init.ScriptStatementFailedException: Failed to execute SQL script statement #1 of URL [file:/C:/workspace/spring-boot-customer-service/target/classes/data.sql]: insert into exchange_value(id,currency_from,currency_to,conversion_multiple,port) values(10001,'USD','INR',65,0); nested exception is org.h2.jdbc.JdbcSQLException: Table "EXCHANGE_VALUE" not found; SQL statement:
insert into exchange_value(id,currency_from,currency_to,conversion_multiple,port) values(10001,'USD','INR',65,0) [42102-196]
Caused by: org.springframework.beans.factory.BeanCreationException: 
Error creating bean with name 'customerRepository': Cannot create inner bean '(inner bean)#6ee88e21' of type [org.springframework.orm.jpa.SharedEntityManagerCreator] while setting bean property 'entityManager'; nested exception is org.springframework.beans.factory.BeanCreationException: Error creating bean with name '(inner bean)#6ee88e21': Cannot resolve reference to bean 'entityManagerFactory' while setting constructor argument; nested exception is org.springframework.beans.factory.BeanCreationException: Error creating bean with name 'entityManagerFactory': Post-processing of FactoryBean's singleton object failed; nested exception is org.springframework.jdbc.datasource.init.ScriptStatementFailedException: Failed to execute SQL script statement #1 of URL [file:/C:/workspace/spring-boot-customer-service/target/classes/data.sql]: insert into exchange_value(id,currency_from,currency_to,conversion_multiple,port) values(10001,'USD','INR',65,0); nested exception is org.h2.jdbc.JdbcSQLException: Table "EXCHANGE_VALUE" not found; SQL statement:
insert into exchange_value(id,currency_from,currency_to,conversion_multiple,port) values(10001,'USD','INR',65,0) [42102-196]
Caused by: org.springframework.beans.factory.BeanCreationException: 
Error creating bean with name '(inner bean)#6ee88e21': Cannot resolve reference to bean 'entityManagerFactory' while setting constructor argument; nested exception is org.springframework.beans.factory.BeanCreationException: Error creating bean with name 'entityManagerFactory': Post-processing of FactoryBean's singleton object failed; nested exception is org.springframework.jdbc.datasource.init.ScriptStatementFailedException: Failed to execute SQL script statement #1 of URL [file:/C:/workspace/spring-boot-customer-service/target/classes/data.sql]: insert into exchange_value(id,currency_from,currency_to,conversion_multiple,port) values(10001,'USD','INR',65,0); nested exception is org.h2.jdbc.JdbcSQLException: Table "EXCHANGE_VALUE" not found; SQL statement:
insert into exchange_value(id,currency_from,currency_to,conversion_multiple,port) values(10001,'USD','INR',65,0) [42102-196]
Caused by: org.springframework.beans.factory.BeanCreationException: 
Error creating bean with name 'entityManagerFactory': Post-processing of FactoryBean's singleton object failed; nested exception is org.springframework.jdbc.datasource.init.ScriptStatementFailedException: Failed to execute SQL script statement #1 of URL [file:/C:/workspace/spring-boot-customer-service/target/classes/data.sql]: insert into exchange_value(id,currency_from,currency_to,conversion_multiple,port) values(10001,'USD','INR',65,0); nested exception is org.h2.jdbc.JdbcSQLException: Table "EXCHANGE_VALUE" not found; SQL statement:
insert into exchange_value(id,currency_from,currency_to,conversion_multiple,port) values(10001,'USD','INR',65,0) [42102-196]
Caused by: org.springframework.jdbc.datasource.init.ScriptStatementFailedException: 
Failed to execute SQL script statement #1 of URL [file:/C:/workspace/spring-boot-customer-service/target/classes/data.sql]: insert into exchange_value(id,currency_from,currency_to,conversion_multiple,port) values(10001,'USD','INR',65,0); nested exception is org.h2.jdbc.JdbcSQLException: Table "EXCHANGE_VALUE" not found; SQL statement:
insert into exchange_value(id,currency_from,currency_to,conversion_multiple,port) values(10001,'USD','INR',65,0) [42102-196]
Caused by: org.h2.jdbc.JdbcSQLException: 
Table "EXCHANGE_VALUE" not found; SQL statement:
insert into exchange_value(id,currency_from,currency_to,conversion_multiple,port) values(10001,'USD','INR',65,0) [42102-196]

