<?xml version="1.0" encoding="UTF-8"?>
<testsuite xmlns:xsi="http://www.w3.org/2001/XMLSchema-instance" xsi:noNamespaceSchemaLocation="https://maven.apache.org/surefire/maven-surefire-plugin/xsd/surefire-test-report.xsd" name="com.springboot.microservice.customer.SpringBootMicroserviceCustomerApplicationTests" time="72.654" tests="1" errors="1" skipped="0" failures="0">
  <properties>
[...]
</properties>
  <testcase name="contextLoads" classname="com.springboot.microservice.customer.SpringBootMicroserviceCustomerApplicationTests" time="0.023">
    <error message="Failed to load ApplicationContext" type="java.lang.IllegalStateException">java.lang.IllegalStateException: Failed to load ApplicationContext
Caused by: org.springframework.beans.factory.BeanCreationException: 
Error creating bean with name 'requestMappingHandlerAdapter' defined in class path resource [org/springframework/boot/autoconfigure/web/servlet/WebMvcAutoConfiguration$EnableWebMvcConfiguration.class]: Bean instantiation via factory method failed; nested exception is org.springframework.beans.BeanInstantiationException: Failed to instantiate [org.springframework.web.servlet.mvc.method.annotation.RequestMappingHandlerAdapter]: Factory method 'requestMappingHandlerAdapter' threw exception; nested exception is org.springframework.beans.factory.BeanCreationException: Error creating bean with name 'mvcConversionService' defined in class path resource [org/springframework/boot/autoconfigure/web/servlet/WebMvcAutoConfiguration$EnableWebMvcConfiguration.class]: Bean instantiation via factory method failed; nested exception is org.springframework.beans.BeanInstantiationException: Failed to instantiate [org.springframework.format.support.FormattingConversionService]: Factory method 'mvcConversionService' threw exception; nested exception is org.springframework.beans.factory.BeanCreationException: Error creating bean with name 'customerRepository': Cannot create inner bean '(inner bean)#6ee88e21' of type [org.springframework.orm.jpa.SharedEntityManagerCreator] while setting bean property 'entityManager'; nested exception is org.springframework.beans.factory.BeanCreationException: Error creating bean with name '(inner bean)#6ee88e21': Cannot resolve reference to bean 'entityManagerFactory' while setting constructor argument; nested exception is org.springframework.beans.factory.BeanCreationException: Error creating bean with name 'entityManagerFactory': Post-processing of FactoryBean's singleton object failed; nested exception is org.springframework.jdbc.datasource.init.ScriptStatementFailedException: Failed to execute SQL script statement #1 of URL [file:/C:/workspace/spring-boot-customer-service/target/classes/data.sql]: insert into exchange_value(id,currency_from,currency_to,conversion_multiple,port) values(10001,'USD','INR',65,0); nested exception is org.h2.jdbc.JdbcSQLException: Table "EXCHANGE_VALUE" not found; SQL statement:
insert into exchange_value(id,currency_from,currency_to,conversion_multiple,port) values(10001,'USD','INR',65,0) [42102-196]
Caused by: org.springframework.beans.BeanInstantiationException: 
Failed to instantiate [org.springframework.web.servlet.mvc.method.annotation.RequestMappingHandlerAdapter]: Factory method 'requestMappingHandlerAdapter' threw exception; nested exception is org.springframework.beans.factory.BeanCreationException: Error creating bean with name 'mvcConversionService' defined in class path resource [org/springframework/boot/autoconfigure/web/servlet/WebMvcAutoConfiguration$EnableWebMvcConfiguration.class]: Bean instantiation via factory method failed; nested exception is org.springframework.beans.BeanInstantiationException: Failed to instantiate [org.springframework.format.support.FormattingConversionService]: Factory method 'mvcConversionService' threw exception; nested exception is org.springframework.beans.factory.BeanCreationException: Error creating bean with name 'customerRepository': Cannot create inner bean '(inner bean)#6ee88e21' of type [org.springframework.orm.jpa.SharedEntityManagerCreator] while setting bean property 'entityManager'; nested exception is org.springframework.beans.factory.BeanCreationException: Error creating bean with name '(inner bean)#6ee88e21': Cannot resolve reference to bean 'entityManagerFactory' while setting constructor argument; nested exception is org.springframework.beans.factory.BeanCreationException: Error creating bean with name 'entityManagerFactory': Post-processing of FactoryBean's singleton object failed; nested exception is org.springframework.jdbc.datasource.init.ScriptStatementFailedException: Failed to execute SQL script statement #1 of URL [file:/C:/workspace/spring-boot-customer-service/target/classes/data.sql]: insert into exchange_value(id,currency_from,currency_to,conversion_multiple,port) values(10001,'USD','INR',65,0); nested exception is org.h2.jdbc.JdbcSQLException: Table "EXCHANGE_VALUE" not found; SQL statement:
insert into exchange_value(id,currency_from,currency_to,conversion_multiple,port) values(10001,'USD','INR',65,0) [42102-196]
Caused by: org.springframework.beans.factory.BeanCreationException: 
Error creating bean with name 'mvcConversionService' defined in class path resource [org/springframework/boot/autoconfigure/web/servlet/WebMvcAutoConfiguration$EnableWebMvcConfiguration.class]: Bean instantiation via factory method failed; nested exception is org.springframework.beans.BeanInstantiationException: Failed to instantiate [org.springframework.format.support.FormattingConversionService]: Factory method 'mvcConversionService' threw exception; nested exception is org.springframework.beans.factory.BeanCreationException: Error creating bean with name 'customerRepository': Cannot create inner bean '(inner bean)#6ee88e21' of type [org.springframework.orm.jpa.SharedEntityManagerCreator] while setting bean property 'entityManager'; nested exception is org.springframework.beans.factory.BeanCreationException: Error creating bean with name '(inner bean)#6ee88e21': Cannot resolve reference to bean 'entityManagerFactory' while setting constructor argument; nested exception is org.springframework.beans.factory.BeanCreationException: Error creating bean with name 'entityManagerFactory': Post-processing of FactoryBean's singleton object failed; nested exception is org.springframework.jdbc.datasource.init.ScriptStatementFailedException: Failed to execute SQL script statement #1 of URL [file:/C:/workspace/spring-boot-customer-service/target/classes/data.sql]: insert into exchange_value(id,currency_from,currency_to,conversion_multiple,port) values(10001,'USD','INR',65,0); nested exception is org.h2.jdbc.JdbcSQLException: Table "EXCHANGE_VALUE" not found; SQL statement:
insert into exchange_value(id,currency_from,currency_to,conversion_multiple,port) values(10001,'USD','INR',65,0) [42102-196]
Caused by: org.springframework.beans.BeanInstantiationException: 
Failed to instantiate [org.springframework.format.support.FormattingConversionService]: Factory method 'mvcConversionService' threw exception; nested exception is org.springframework.beans.factory.BeanCreationException: Error creating bean with name 'customerRepository': Cannot create inner bean '(inner bean)#6ee88e21' of type [org.springframework.orm.jpa.SharedEntityManagerCreator] while setting bean property 'entityManager'; nested exception is org.springframework.beans.factory.BeanCreationException: Error creating bean with name '(inner bean)#6ee88e21': Cannot resolve reference to bean 'entityManagerFactory' while setting constructor argument; nested exception is org.springframework.beans.factory.BeanCreationException: Error creating bean with name 'entityManagerFactory': Post-processing of FactoryBean's singleton object failed; nested exception is org.springframework.jdbc.datasource.init.ScriptStatementFailedException: Failed to execute SQL script statement #1 of URL [file:/C:/workspace/spring-boot-customer-service/target/classes/data.sql]: insert into exchange_value(id,currency_from,currency_to,conversion_multiple,port) values(10001,'USD','INR',65,0); nested exception is org.h2.jdbc.JdbcSQLException: Table "EXCHANGE_VALUE" not found; SQL statement:
insert into exchange_value(id,currency_from,currency_to,conversion_multiple,port) values(10001,'USD','INR',65,0) [42102-196]
Caused by: org.springframework.beans.factory.BeanCreationException: 
Error creating bean with name 'customerRepository': Cannot create inner bean '(inner bean)#6ee88e21' of type [org.springframework.orm.jpa.SharedEntityManagerCreator] while setting bean property 'entityManager'; nested exception is org.springframework.beans.factory.BeanCreationException: Error creating bean with name '(inner bean)#6ee88e21': Cannot resolve reference to bean 'entityManagerFactory' while setting constructor argument; nested exception is org.springframework.beans.factory.BeanCreationException: Error creating bean with name 'entityManagerFactory': Post-processing of FactoryBean's singleton object failed; nested exception is org.springframework.jdbc.datasource.init.ScriptStatementFailedException: Failed to execute SQL script statement #1 of URL [file:/C:/workspace/spring-boot-customer-service/target/classes/data.sql]: insert into exchange_value(id,currency_from,currency_to,conversion_multiple,port) values(10001,'USD','INR',65,0); nested exception is org.h2.jdbc.JdbcSQLException: Table "EXCHANGE_VALUE" not found; SQL statement:
insert into exchange_value(id,currency_from,currency_to,conversion_multiple,port) values(10001,'USD','INR',65,0) [42102-196]
Caused by: org.springframework.beans.factory.BeanCreationException: 
Error creating bean with name '(inner bean)#6ee88e21': Cannot resolve reference to bean 'entityManagerFactory' while setting constructor argument; nested exception is org.springframework.beans.factory.BeanCreationException: Error creating bean with name 'entityManagerFactory': Post-processing of FactoryBean's singleton object failed; nested exception is org.springframework.jdbc.datasource.init.ScriptStatementFailedException: Failed to execute SQL script statement #1 of URL [file:/C:/workspace/spring-boot-customer-service/target/classes/data.sql]: insert into exchange_value(id,currency_from,currency_to,conversion_multiple,port) values(10001,'USD','INR',65,0); nested exception is org.h2.jdbc.JdbcSQLException: Table "EXCHANGE_VALUE" not found; SQL statement:
insert into exchange_value(id,currency_from,currency_to,conversion_multiple,port) values(10001,'USD','INR',65,0) [42102-196]
Caused by: org.springframework.beans.factory.BeanCreationException: 
Error creating bean with name 'entityManagerFactory': Post-processing of FactoryBean's singleton object failed; nested exception is org.springframework.jdbc.datasource.init.ScriptStatementFailedException: Failed to execute SQL script statement #1 of URL [file:/C:/workspace/spring-boot-customer-service/target/classes/data.sql]: insert into exchange_value(id,currency_from,currency_to,conversion_multiple,port) values(10001,'USD','INR',65,0); nested exception is org.h2.jdbc.JdbcSQLException: Table "EXCHANGE_VALUE" not found; SQL statement:
insert into exchange_value(id,currency_from,currency_to,conversion_multiple,port) values(10001,'USD','INR',65,0) [42102-196]
Caused by: org.springframework.jdbc.datasource.init.ScriptStatementFailedException: 
Failed to execute SQL script statement #1 of URL [file:/C:/workspace/spring-boot-customer-service/target/classes/data.sql]: insert into exchange_value(id,currency_from,currency_to,conversion_multiple,port) values(10001,'USD','INR',65,0); nested exception is org.h2.jdbc.JdbcSQLException: Table "EXCHANGE_VALUE" not found; SQL statement:
insert into exchange_value(id,currency_from,currency_to,conversion_multiple,port) values(10001,'USD','INR',65,0) [42102-196]
Caused by: org.h2.jdbc.JdbcSQLException: 
Table "EXCHANGE_VALUE" not found; SQL statement:
insert into exchange_value(id,currency_from,currency_to,conversion_multiple,port) values(10001,'USD','INR',65,0) [42102-196]
</error>
    <system-out><![CDATA[22:12:29.713 [main] DEBUG org.springframework.test.context.junit4.SpringJUnit4ClassRunner - SpringJUnit4ClassRunner constructor called with [class com.springboot.microservice.customer.SpringBootMicroserviceCustomerApplicationTests]
22:12:29.763 [main] DEBUG org.springframework.test.context.BootstrapUtils - Instantiating CacheAwareContextLoaderDelegate from class [org.springframework.test.context.cache.DefaultCacheAwareContextLoaderDelegate]
22:12:29.833 [main] DEBUG org.springframework.test.context.BootstrapUtils - Instantiating BootstrapContext using constructor [public org.springframework.test.context.support.DefaultBootstrapContext(java.lang.Class,org.springframework.test.context.CacheAwareContextLoaderDelegate)]
22:12:29.923 [main] DEBUG org.springframework.test.context.BootstrapUtils - Instantiating TestContextBootstrapper for test class [com.springboot.microservice.customer.SpringBootMicroserviceCustomerApplicationTests] from class [org.springframework.boot.test.context.SpringBootTestContextBootstrapper]
22:12:30.046 [main] INFO org.springframework.boot.test.context.SpringBootTestContextBootstrapper - Neither @ContextConfiguration nor @ContextHierarchy found for test class [com.springboot.microservice.customer.SpringBootMicroserviceCustomerApplicationTests], using SpringBootContextLoader
22:12:30.066 [main] DEBUG org.springframework.test.context.support.AbstractContextLoader - Did not detect default resource location for test class [com.springboot.microservice.customer.SpringBootMicroserviceCustomerApplicationTests]: class path resource [com/springboot/microservice/customer/SpringBootMicroserviceCustomerApplicationTests-context.xml] does not exist
22:12:30.071 [main] DEBUG org.springframework.test.context.support.AbstractContextLoader - Did not detect default resource location for test class [com.springboot.microservice.customer.SpringBootMicroserviceCustomerApplicationTests]: class path resource [com/springboot/microservice/customer/SpringBootMicroserviceCustomerApplicationTestsContext.groovy] does not exist
22:12:30.071 [main] INFO org.springframework.test.context.support.AbstractContextLoader - Could not detect default resource locations for test class [com.springboot.microservice.customer.SpringBootMicroserviceCustomerApplicationTests]: no resource found for suffixes {-context.xml, Context.groovy}.
22:12:30.073 [main] INFO org.springframework.test.context.support.AnnotationConfigContextLoaderUtils - Could not detect default configuration classes for test class [com.springboot.microservice.customer.SpringBootMicroserviceCustomerApplicationTests]: SpringBootMicroserviceCustomerApplicationTests does not declare any static, non-private, non-final, nested classes annotated with @Configuration.
22:12:30.528 [main] DEBUG org.springframework.test.context.support.ActiveProfilesUtils - Could not find an 'annotation declaring class' for annotation type [org.springframework.test.context.ActiveProfiles] and class [com.springboot.microservice.customer.SpringBootMicroserviceCustomerApplicationTests]
22:12:30.628 [main] DEBUG org.springframework.core.env.StandardEnvironment - Adding PropertySource 'systemProperties' with lowest search precedence
22:12:30.628 [main] DEBUG org.springframework.core.env.StandardEnvironment - Adding PropertySource 'systemEnvironment' with lowest search precedence
22:12:30.638 [main] DEBUG org.springframework.core.env.StandardEnvironment - Initialized StandardEnvironment with PropertySources [MapPropertySource@2050404090 {name='systemProperties', properties={idea.version=2016.2.1, java.runtime.name=Java(TM) SE Runtime Environment, sun.boot.library.path=C:\Program Files\Java\jdk1.8.0\jre\bin, java.vm.version=25.0-b70, java.vm.vendor=Oracle Corporation, java.vendor.url=http://java.oracle.com/, path.separator=;, java.vm.name=Java HotSpot(TM) 64-Bit Server VM, file.encoding.pkg=sun.io, user.country=US, user.script=, sun.java.launcher=SUN_STANDARD, sun.os.patch.level=Service Pack 1, java.vm.specification.name=Java Virtual Machine Specification, user.dir=C:\workspace\spring-boot-customer-service, java.runtime.version=1.8.0-b132, basedir=C:\workspace\spring-boot-customer-service, java.awt.graphicsenv=sun.awt.Win32GraphicsEnvironment, java.endorsed.dirs=C:\Program Files\Java\jdk1.8.0\jre\lib\endorsed, os.arch=amd64, surefire.real.class.path=C:\Users\Dell\AppData\Local\Temp\surefire6080197324205839415\surefirebooter4660829791809992676.jar, java.io.tmpdir=C:\Users\Dell\AppData\Local\Temp\, line.separator=
, java.vm.specification.vendor=Oracle Corporation, user.variant=, os.name=Windows 7, sun.jnu.encoding=Cp1252, java.library.path=C:\Program Files\Java\jdk1.8.0\jre\bin;C:\Windows\Sun\Java\bin;C:\Windows\system32;C:\Windows;C:\install\apache-maven-3.2.1\bin;C:\Program Files\Java\jdk1.8.0\bin;C:\Windows\system32;C:\Windows;C:\Windows\System32\Wbem;C:\Windows\System32\WindowsPowerShell\v1.0\;C:\Program Files (x86)\Intel\OpenCL SDK\2.0\bin\x86;C:\Program Files (x86)\Intel\OpenCL SDK\2.0\bin\x64;C:\Program Files\Intel\WiFi\bin\;C:\Program Files\Common Files\Intel\WirelessCommon\;C:\Program Files (x86)\Skype\Phone\;C:\install\apache-maven-3.2.1\bin;C:\Program Files\Java\jdk1.8.0\bin;C:\Program Files\Intel\WiFi\bin\;C:\Program Files\Common Files\Intel\WirelessCommon\;., surefire.test.class.path=C:\workspace\spring-boot-customer-service\target\test-classes;C:\workspace\spring-boot-customer-service\target\classes;C:\Users\Dell\.m2\repository\org\springframework\cloud\spring-cloud-starter-netflix-eureka-client\2.0.0.M7\spring-cloud-starter-netflix-eureka-client-2.0.0.M7.jar;C:\Users\Dell\.m2\repository\org\springframework\cloud\spring-cloud-starter\2.0.0.M8\spring-cloud-starter-2.0.0.M8.jar;C:\Users\Dell\.m2\repository\org\springframework\cloud\spring-cloud-context\2.0.0.M8\spring-cloud-context-2.0.0.M8.jar;C:\Users\Dell\.m2\repository\org\springframework\security\spring-security-rsa\1.0.5.RELEASE\spring-security-rsa-1.0.5.RELEASE.jar;C:\Users\Dell\.m2\repository\org\bouncycastle\bcpkix-jdk15on\1.56\bcpkix-jdk15on-1.56.jar;C:\Users\Dell\.m2\repository\org\bouncycastle\bcprov-jdk15on\1.56\bcprov-jdk15on-1.56.jar;C:\Users\Dell\.m2\repository\org\springframework\cloud\spring-cloud-netflix-core\2.0.0.M7\spring-cloud-netflix-core-2.0.0.M7.jar;C:\Users\Dell\.m2\repository\org\springframework\cloud\spring-cloud-netflix-eureka-client\2.0.0.M7\spring-cloud-netflix-eureka-client-2.0.0.M7.jar;C:\Users\Dell\.m2\repository\com\netflix\eureka\eureka-client\1.8.6\eureka-client-1.8.6.jar;C:\Users\Dell\.m2\repository\org\codehaus\jettison\jettison\1.3.7\jettison-1.3.7.jar;C:\Users\Dell\.m2\repository\stax\stax-api\1.0.1\stax-api-1.0.1.jar;C:\Users\Dell\.m2\repository\com\netflix\netflix-commons\netflix-eventbus\0.3.0\netflix-eventbus-0.3.0.jar;C:\Users\Dell\.m2\repository\com\netflix\netflix-commons\netflix-infix\0.3.0\netflix-infix-0.3.0.jar;C:\Users\Dell\.m2\repository\commons-jxpath\commons-jxpath\1.3\commons-jxpath-1.3.jar;C:\Users\Dell\.m2\repository\joda-time\joda-time\2.9.9\joda-time-2.9.9.jar;C:\Users\Dell\.m2\repository\org\antlr\antlr-runtime\3.4\antlr-runtime-3.4.jar;C:\Users\Dell\.m2\repository\org\antlr\stringtemplate\3.2.1\stringtemplate-3.2.1.jar;C:\Users\Dell\.m2\repository\com\google\code\gson\gson\2.8.2\gson-2.8.2.jar;C:\Users\Dell\.m2\repository\org\apache\commons\commons-math\2.2\commons-math-2.2.jar;C:\Users\Dell\.m2\repository\com\netflix\archaius\archaius-core\0.7.5\archaius-core-0.7.5.jar;C:\Users\Dell\.m2\repository\javax\ws\rs\jsr311-api\1.1.1\jsr311-api-1.1.1.jar;C:\Users\Dell\.m2\repository\com\netflix\servo\servo-core\0.10.1\servo-core-0.10.1.jar;C:\Users\Dell\.m2\repository\com\netflix\servo\servo-internal\0.10.1\servo-internal-0.10.1.jar;C:\Users\Dell\.m2\repository\com\sun\jersey\jersey-core\1.19.1\jersey-core-1.19.1.jar;C:\Users\Dell\.m2\repository\com\sun\jersey\jersey-client\1.19.1\jersey-client-1.19.1.jar;C:\Users\Dell\.m2\repository\com\sun\jersey\contribs\jersey-apache-client4\1.19.1\jersey-apache-client4-1.19.1.jar;C:\Users\Dell\.m2\repository\org\apache\httpcomponents\httpclient\4.5.5\httpclient-4.5.5.jar;C:\Users\Dell\.m2\repository\org\apache\httpcomponents\httpcore\4.4.9\httpcore-4.4.9.jar;C:\Users\Dell\.m2\repository\commons-codec\commons-codec\1.11\commons-codec-1.11.jar;C:\Users\Dell\.m2\repository\com\google\inject\guice\4.1.0\guice-4.1.0.jar;C:\Users\Dell\.m2\repository\aopalliance\aopalliance\1.0\aopalliance-1.0.jar;C:\Users\Dell\.m2\repository\com\github\vlsi\compactmap\compactmap\1.2.1\compactmap-1.2.1.jar;C:\Users\Dell\.m2\repository\com\github\andrewoma\dexx\dexx-collections\0.2\dexx-collections-0.2.jar;C:\Users\Dell\.m2\repository\com\fasterxml\jackson\core\jackson-annotations\2.9.0\jackson-annotations-2.9.0.jar;C:\Users\Dell\.m2\repository\com\fasterxml\jackson\core\jackson-core\2.9.3\jackson-core-2.9.3.jar;C:\Users\Dell\.m2\repository\com\fasterxml\jackson\core\jackson-databind\2.9.3\jackson-databind-2.9.3.jar;C:\Users\Dell\.m2\repository\com\netflix\eureka\eureka-core\1.8.6\eureka-core-1.8.6.jar;C:\Users\Dell\.m2\repository\org\codehaus\woodstox\woodstox-core-asl\4.4.1\woodstox-core-asl-4.4.1.jar;C:\Users\Dell\.m2\repository\javax\xml\stream\stax-api\1.0-2\stax-api-1.0-2.jar;C:\Users\Dell\.m2\repository\org\codehaus\woodstox\stax2-api\3.1.4\stax2-api-3.1.4.jar;C:\Users\Dell\.m2\repository\org\springframework\cloud\spring-cloud-starter-netflix-archaius\2.0.0.M7\spring-cloud-starter-netflix-archaius-2.0.0.M7.jar;C:\Users\Dell\.m2\repository\org\springframework\cloud\spring-cloud-netflix-archaius\2.0.0.M7\spring-cloud-netflix-archaius-2.0.0.M7.jar;C:\Users\Dell\.m2\repository\commons-configuration\commons-configuration\1.8\commons-configuration-1.8.jar;C:\Users\Dell\.m2\repository\com\google\guava\guava\18.0\guava-18.0.jar;C:\Users\Dell\.m2\repository\com\netflix\ribbon\ribbon-eureka\2.2.4\ribbon-eureka-2.2.4.jar;C:\Users\Dell\.m2\repository\org\slf4j\slf4j-api\1.7.25\slf4j-api-1.7.25.jar;C:\Users\Dell\.m2\repository\com\thoughtworks\xstream\xstream\1.4.9\xstream-1.4.9.jar;C:\Users\Dell\.m2\repository\xmlpull\xmlpull\1.1.3.1\xmlpull-1.1.3.1.jar;C:\Users\Dell\.m2\repository\xpp3\xpp3_min\1.1.4c\xpp3_min-1.1.4c.jar;C:\Users\Dell\.m2\repository\org\springframework\boot\spring-boot-starter-web\2.0.0.RELEASE\spring-boot-starter-web-2.0.0.RELEASE.jar;C:\Users\Dell\.m2\repository\org\springframework\boot\spring-boot-starter\2.0.0.RELEASE\spring-boot-starter-2.0.0.RELEASE.jar;C:\Users\Dell\.m2\repository\org\springframework\boot\spring-boot-starter-logging\2.0.0.RELEASE\spring-boot-starter-logging-2.0.0.RELEASE.jar;C:\Users\Dell\.m2\repository\ch\qos\logback\logback-classic\1.2.3\logback-classic-1.2.3.jar;C:\Users\Dell\.m2\repository\ch\qos\logback\logback-core\1.2.3\logback-core-1.2.3.jar;C:\Users\Dell\.m2\repository\org\apache\logging\log4j\log4j-to-slf4j\2.10.0\log4j-to-slf4j-2.10.0.jar;C:\Users\Dell\.m2\repository\org\apache\logging\log4j\log4j-api\2.10.0\log4j-api-2.10.0.jar;C:\Users\Dell\.m2\repository\org\slf4j\jul-to-slf4j\1.7.25\jul-to-slf4j-1.7.25.jar;C:\Users\Dell\.m2\repository\javax\annotation\javax.annotation-api\1.3.2\javax.annotation-api-1.3.2.jar;C:\Users\Dell\.m2\repository\org\yaml\snakeyaml\1.19\snakeyaml-1.19.jar;C:\Users\Dell\.m2\repository\org\springframework\boot\spring-boot-starter-json\2.0.0.RELEASE\spring-boot-starter-json-2.0.0.RELEASE.jar;C:\Users\Dell\.m2\repository\com\fasterxml\jackson\datatype\jackson-datatype-jdk8\2.9.3\jackson-datatype-jdk8-2.9.3.jar;C:\Users\Dell\.m2\repository\com\fasterxml\jackson\datatype\jackson-datatype-jsr310\2.9.3\jackson-datatype-jsr310-2.9.3.jar;C:\Users\Dell\.m2\repository\com\fasterxml\jackson\module\jackson-module-parameter-names\2.9.3\jackson-module-parameter-names-2.9.3.jar;C:\Users\Dell\.m2\repository\org\springframework\boot\spring-boot-starter-tomcat\2.0.0.RELEASE\spring-boot-starter-tomcat-2.0.0.RELEASE.jar;C:\Users\Dell\.m2\repository\org\apache\tomcat\embed\tomcat-embed-core\8.5.28\tomcat-embed-core-8.5.28.jar;C:\Users\Dell\.m2\repository\org\apache\tomcat\embed\tomcat-embed-el\8.5.28\tomcat-embed-el-8.5.28.jar;C:\Users\Dell\.m2\repository\org\apache\tomcat\embed\tomcat-embed-websocket\8.5.28\tomcat-embed-websocket-8.5.28.jar;C:\Users\Dell\.m2\repository\org\hibernate\validator\hibernate-validator\6.0.7.Final\hibernate-validator-6.0.7.Final.jar;C:\Users\Dell\.m2\repository\javax\validation\validation-api\2.0.1.Final\validation-api-2.0.1.Final.jar;C:\Users\Dell\.m2\repository\org\jboss\logging\jboss-logging\3.3.2.Final\jboss-logging-3.3.2.Final.jar;C:\Users\Dell\.m2\repository\com\fasterxml\classmate\1.3.4\classmate-1.3.4.jar;C:\Users\Dell\.m2\repository\org\springframework\spring-web\5.0.4.RELEASE\spring-web-5.0.4.RELEASE.jar;C:\Users\Dell\.m2\repository\org\springframework\spring-beans\5.0.4.RELEASE\spring-beans-5.0.4.RELEASE.jar;C:\Users\Dell\.m2\repository\org\springframework\spring-webmvc\5.0.4.RELEASE\spring-webmvc-5.0.4.RELEASE.jar;C:\Users\Dell\.m2\repository\org\springframework\spring-aop\5.0.4.RELEASE\spring-aop-5.0.4.RELEASE.jar;C:\Users\Dell\.m2\repository\org\springframework\spring-context\5.0.4.RELEASE\spring-context-5.0.4.RELEASE.jar;C:\Users\Dell\.m2\repository\org\springframework\spring-expression\5.0.4.RELEASE\spring-expression-5.0.4.RELEASE.jar;C:\Users\Dell\.m2\repository\org\springframework\cloud\spring-cloud-starter-openfeign\2.0.0.M1\spring-cloud-starter-openfeign-2.0.0.M1.jar;C:\Users\Dell\.m2\repository\org\springframework\cloud\spring-cloud-openfeign-core\2.0.0.M1\spring-cloud-openfeign-core-2.0.0.M1.jar;C:\Users\Dell\.m2\repository\org\springframework\cloud\spring-cloud-commons\2.0.0.M8\spring-cloud-commons-2.0.0.M8.jar;C:\Users\Dell\.m2\repository\org\springframework\security\spring-security-crypto\5.0.3.RELEASE\spring-security-crypto-5.0.3.RELEASE.jar;C:\Users\Dell\.m2\repository\io\github\openfeign\feign-core\9.5.1\feign-core-9.5.1.jar;C:\Users\Dell\.m2\repository\io\github\openfeign\feign-slf4j\9.5.1\feign-slf4j-9.5.1.jar;C:\Users\Dell\.m2\repository\io\github\openfeign\feign-hystrix\9.5.1\feign-hystrix-9.5.1.jar;C:\Users\Dell\.m2\repository\com\netflix\hystrix\hystrix-core\1.5.12\hystrix-core-1.5.12.jar;C:\Users\Dell\.m2\repository\org\hdrhistogram\HdrHistogram\2.1.9\HdrHistogram-2.1.9.jar;C:\Users\Dell\.m2\repository\io\github\openfeign\feign-java8\9.5.1\feign-java8-9.5.1.jar;C:\Users\Dell\.m2\repository\org\springframework\cloud\spring-cloud-starter-netflix-ribbon\2.0.0.M7\spring-cloud-starter-netflix-ribbon-2.0.0.M7.jar;C:\Users\Dell\.m2\repository\org\springframework\cloud\spring-cloud-netflix-ribbon\2.0.0.M7\spring-cloud-netflix-ribbon-2.0.0.M7.jar;C:\Users\Dell\.m2\repository\com\netflix\ribbon\ribbon\2.2.4\ribbon-2.2.4.jar;C:\Users\Dell\.m2\repository\com\netflix\ribbon\ribbon-transport\2.2.4\ribbon-transport-2.2.4.jar;C:\Users\Dell\.m2\repository\io\reactivex\rxnetty-contexts\0.4.9\rxnetty-contexts-0.4.9.jar;C:\Users\Dell\.m2\repository\io\reactivex\rxnetty-servo\0.4.9\rxnetty-servo-0.4.9.jar;C:\Users\Dell\.m2\repository\javax\inject\javax.inject\1\javax.inject-1.jar;C:\Users\Dell\.m2\repository\io\reactivex\rxnetty\0.4.9\rxnetty-0.4.9.jar;C:\Users\Dell\.m2\repository\io\netty\netty-codec-http\4.1.22.Final\netty-codec-http-4.1.22.Final.jar;C:\Users\Dell\.m2\repository\io\netty\netty-codec\4.1.22.Final\netty-codec-4.1.22.Final.jar;C:\Users\Dell\.m2\repository\io\netty\netty-transport-native-epoll\4.1.22.Final\netty-transport-native-epoll-4.1.22.Final.jar;C:\Users\Dell\.m2\repository\io\netty\netty-common\4.1.22.Final\netty-common-4.1.22.Final.jar;C:\Users\Dell\.m2\repository\io\netty\netty-buffer\4.1.22.Final\netty-buffer-4.1.22.Final.jar;C:\Users\Dell\.m2\repository\io\netty\netty-transport-native-unix-common\4.1.22.Final\netty-transport-native-unix-common-4.1.22.Final.jar;C:\Users\Dell\.m2\repository\io\netty\netty-transport\4.1.22.Final\netty-transport-4.1.22.Final.jar;C:\Users\Dell\.m2\repository\io\netty\netty-resolver\4.1.22.Final\netty-resolver-4.1.22.Final.jar;C:\Users\Dell\.m2\repository\com\netflix\ribbon\ribbon-core\2.2.4\ribbon-core-2.2.4.jar;C:\Users\Dell\.m2\repository\commons-lang\commons-lang\2.6\commons-lang-2.6.jar;C:\Users\Dell\.m2\repository\com\netflix\ribbon\ribbon-httpclient\2.2.4\ribbon-httpclient-2.2.4.jar;C:\Users\Dell\.m2\repository\commons-collections\commons-collections\3.2.2\commons-collections-3.2.2.jar;C:\Users\Dell\.m2\repository\com\netflix\netflix-commons\netflix-commons-util\0.1.1\netflix-commons-util-0.1.1.jar;C:\Users\Dell\.m2\repository\com\netflix\ribbon\ribbon-loadbalancer\2.2.4\ribbon-loadbalancer-2.2.4.jar;C:\Users\Dell\.m2\repository\com\netflix\netflix-commons\netflix-statistics\0.1.1\netflix-statistics-0.1.1.jar;C:\Users\Dell\.m2\repository\io\reactivex\rxjava\1.3.6\rxjava-1.3.6.jar;C:\Users\Dell\.m2\repository\org\springframework\boot\spring-boot-devtools\2.0.0.RELEASE\spring-boot-devtools-2.0.0.RELEASE.jar;C:\Users\Dell\.m2\repository\org\springframework\boot\spring-boot\2.0.0.RELEASE\spring-boot-2.0.0.RELEASE.jar;C:\Users\Dell\.m2\repository\org\springframework\boot\spring-boot-autoconfigure\2.0.0.RELEASE\spring-boot-autoconfigure-2.0.0.RELEASE.jar;C:\Users\Dell\.m2\repository\org\springframework\boot\spring-boot-starter-data-jpa\2.0.0.RELEASE\spring-boot-starter-data-jpa-2.0.0.RELEASE.jar;C:\Users\Dell\.m2\repository\org\springframework\boot\spring-boot-starter-aop\2.0.0.RELEASE\spring-boot-starter-aop-2.0.0.RELEASE.jar;C:\Users\Dell\.m2\repository\org\aspectj\aspectjweaver\1.8.13\aspectjweaver-1.8.13.jar;C:\Users\Dell\.m2\repository\org\springframework\boot\spring-boot-starter-jdbc\2.0.0.RELEASE\spring-boot-starter-jdbc-2.0.0.RELEASE.jar;C:\Users\Dell\.m2\repository\com\zaxxer\HikariCP\2.7.8\HikariCP-2.7.8.jar;C:\Users\Dell\.m2\repository\org\springframework\spring-jdbc\5.0.4.RELEASE\spring-jdbc-5.0.4.RELEASE.jar;C:\Users\Dell\.m2\repository\org\hibernate\hibernate-core\5.2.14.Final\hibernate-core-5.2.14.Final.jar;C:\Users\Dell\.m2\repository\org\hibernate\javax\persistence\hibernate-jpa-2.1-api\1.0.0.Final\hibernate-jpa-2.1-api-1.0.0.Final.jar;C:\Users\Dell\.m2\repository\org\javassist\javassist\3.22.0-GA\javassist-3.22.0-GA.jar;C:\Users\Dell\.m2\repository\antlr\antlr\2.7.7\antlr-2.7.7.jar;C:\Users\Dell\.m2\repository\org\jboss\jandex\2.0.3.Final\jandex-2.0.3.Final.jar;C:\Users\Dell\.m2\repository\dom4j\dom4j\1.6.1\dom4j-1.6.1.jar;C:\Users\Dell\.m2\repository\org\hibernate\common\hibernate-commons-annotations\5.0.1.Final\hibernate-commons-annotations-5.0.1.Final.jar;C:\Users\Dell\.m2\repository\javax\transaction\javax.transaction-api\1.2\javax.transaction-api-1.2.jar;C:\Users\Dell\.m2\repository\org\springframework\data\spring-data-jpa\2.0.5.RELEASE\spring-data-jpa-2.0.5.RELEASE.jar;C:\Users\Dell\.m2\repository\org\springframework\data\spring-data-commons\2.0.5.RELEASE\spring-data-commons-2.0.5.RELEASE.jar;C:\Users\Dell\.m2\repository\org\springframework\spring-orm\5.0.4.RELEASE\spring-orm-5.0.4.RELEASE.jar;C:\Users\Dell\.m2\repository\org\springframework\spring-tx\5.0.4.RELEASE\spring-tx-5.0.4.RELEASE.jar;C:\Users\Dell\.m2\repository\org\springframework\spring-aspects\5.0.4.RELEASE\spring-aspects-5.0.4.RELEASE.jar;C:\Users\Dell\.m2\repository\com\h2database\h2\1.4.196\h2-1.4.196.jar;C:\Users\Dell\.m2\repository\org\springframework\boot\spring-boot-starter-test\2.0.0.RELEASE\spring-boot-starter-test-2.0.0.RELEASE.jar;C:\Users\Dell\.m2\repository\org\springframework\boot\spring-boot-test\2.0.0.RELEASE\spring-boot-test-2.0.0.RELEASE.jar;C:\Users\Dell\.m2\repository\org\springframework\boot\spring-boot-test-autoconfigure\2.0.0.RELEASE\spring-boot-test-autoconfigure-2.0.0.RELEASE.jar;C:\Users\Dell\.m2\repository\com\jayway\jsonpath\json-path\2.4.0\json-path-2.4.0.jar;C:\Users\Dell\.m2\repository\net\minidev\json-smart\2.3\json-smart-2.3.jar;C:\Users\Dell\.m2\repository\net\minidev\accessors-smart\1.2\accessors-smart-1.2.jar;C:\Users\Dell\.m2\repository\org\ow2\asm\asm\5.0.4\asm-5.0.4.jar;C:\Users\Dell\.m2\repository\junit\junit\4.12\junit-4.12.jar;C:\Users\Dell\.m2\repository\org\assertj\assertj-core\3.9.1\assertj-core-3.9.1.jar;C:\Users\Dell\.m2\repository\org\mockito\mockito-core\2.15.0\mockito-core-2.15.0.jar;C:\Users\Dell\.m2\repository\net\bytebuddy\byte-buddy\1.7.10\byte-buddy-1.7.10.jar;C:\Users\Dell\.m2\repository\net\bytebuddy\byte-buddy-agent\1.7.10\byte-buddy-agent-1.7.10.jar;C:\Users\Dell\.m2\repository\org\objenesis\objenesis\2.6\objenesis-2.6.jar;C:\Users\Dell\.m2\repository\org\hamcrest\hamcrest-core\1.3\hamcrest-core-1.3.jar;C:\Users\Dell\.m2\repository\org\hamcrest\hamcrest-library\1.3\hamcrest-library-1.3.jar;C:\Users\Dell\.m2\repository\org\skyscreamer\jsonassert\1.5.0\jsonassert-1.5.0.jar;C:\Users\Dell\.m2\repository\com\vaadin\external\google\android-json\0.0.20131108.vaadin1\android-json-0.0.20131108.vaadin1.jar;C:\Users\Dell\.m2\repository\org\springframework\spring-core\5.0.4.RELEASE\spring-core-5.0.4.RELEASE.jar;C:\Users\Dell\.m2\repository\org\springframework\spring-jcl\5.0.4.RELEASE\spring-jcl-5.0.4.RELEASE.jar;C:\Users\Dell\.m2\repository\org\springframework\spring-test\5.0.4.RELEASE\spring-test-5.0.4.RELEASE.jar;C:\Users\Dell\.m2\repository\org\xmlunit\xmlunit-core\2.5.1\xmlunit-core-2.5.1.jar;, java.specification.name=Java Platform API Specification, java.class.version=52.0, sun.management.compiler=HotSpot 64-Bit Tiered Compilers, os.version=6.1, user.home=C:\Users\Dell, user.timezone=Australia/Sydney, java.awt.printerjob=sun.awt.windows.WPrinterJob, file.encoding=Cp1252, java.specification.version=1.8, java.class.path=C:\workspace\spring-boot-customer-service\target\test-classes;C:\workspace\spring-boot-customer-service\target\classes;C:\Users\Dell\.m2\repository\org\springframework\cloud\spring-cloud-starter-netflix-eureka-client\2.0.0.M7\spring-cloud-starter-netflix-eureka-client-2.0.0.M7.jar;C:\Users\Dell\.m2\repository\org\springframework\cloud\spring-cloud-starter\2.0.0.M8\spring-cloud-starter-2.0.0.M8.jar;C:\Users\Dell\.m2\repository\org\springframework\cloud\spring-cloud-context\2.0.0.M8\spring-cloud-context-2.0.0.M8.jar;C:\Users\Dell\.m2\repository\org\springframework\security\spring-security-rsa\1.0.5.RELEASE\spring-security-rsa-1.0.5.RELEASE.jar;C:\Users\Dell\.m2\repository\org\bouncycastle\bcpkix-jdk15on\1.56\bcpkix-jdk15on-1.56.jar;C:\Users\Dell\.m2\repository\org\bouncycastle\bcprov-jdk15on\1.56\bcprov-jdk15on-1.56.jar;C:\Users\Dell\.m2\repository\org\springframework\cloud\spring-cloud-netflix-core\2.0.0.M7\spring-cloud-netflix-core-2.0.0.M7.jar;C:\Users\Dell\.m2\repository\org\springframework\cloud\spring-cloud-netflix-eureka-client\2.0.0.M7\spring-cloud-netflix-eureka-client-2.0.0.M7.jar;C:\Users\Dell\.m2\repository\com\netflix\eureka\eureka-client\1.8.6\eureka-client-1.8.6.jar;C:\Users\Dell\.m2\repository\org\codehaus\jettison\jettison\1.3.7\jettison-1.3.7.jar;C:\Users\Dell\.m2\repository\stax\stax-api\1.0.1\stax-api-1.0.1.jar;C:\Users\Dell\.m2\repository\com\netflix\netflix-commons\netflix-eventbus\0.3.0\netflix-eventbus-0.3.0.jar;C:\Users\Dell\.m2\repository\com\netflix\netflix-commons\netflix-infix\0.3.0\netflix-infix-0.3.0.jar;C:\Users\Dell\.m2\repository\commons-jxpath\commons-jxpath\1.3\commons-jxpath-1.3.jar;C:\Users\Dell\.m2\repository\joda-time\joda-time\2.9.9\joda-time-2.9.9.jar;C:\Users\Dell\.m2\repository\org\antlr\antlr-runtime\3.4\antlr-runtime-3.4.jar;C:\Users\Dell\.m2\repository\org\antlr\stringtemplate\3.2.1\stringtemplate-3.2.1.jar;C:\Users\Dell\.m2\repository\com\google\code\gson\gson\2.8.2\gson-2.8.2.jar;C:\Users\Dell\.m2\repository\org\apache\commons\commons-math\2.2\commons-math-2.2.jar;C:\Users\Dell\.m2\repository\com\netflix\archaius\archaius-core\0.7.5\archaius-core-0.7.5.jar;C:\Users\Dell\.m2\repository\javax\ws\rs\jsr311-api\1.1.1\jsr311-api-1.1.1.jar;C:\Users\Dell\.m2\repository\com\netflix\servo\servo-core\0.10.1\servo-core-0.10.1.jar;C:\Users\Dell\.m2\repository\com\netflix\servo\servo-internal\0.10.1\servo-internal-0.10.1.jar;C:\Users\Dell\.m2\repository\com\sun\jersey\jersey-core\1.19.1\jersey-core-1.19.1.jar;C:\Users\Dell\.m2\repository\com\sun\jersey\jersey-client\1.19.1\jersey-client-1.19.1.jar;C:\Users\Dell\.m2\repository\com\sun\jersey\contribs\jersey-apache-client4\1.19.1\jersey-apache-client4-1.19.1.jar;C:\Users\Dell\.m2\repository\org\apache\httpcomponents\httpclient\4.5.5\httpclient-4.5.5.jar;C:\Users\Dell\.m2\repository\org\apache\httpcomponents\httpcore\4.4.9\httpcore-4.4.9.jar;C:\Users\Dell\.m2\repository\commons-codec\commons-codec\1.11\commons-codec-1.11.jar;C:\Users\Dell\.m2\repository\com\google\inject\guice\4.1.0\guice-4.1.0.jar;C:\Users\Dell\.m2\repository\aopalliance\aopalliance\1.0\aopalliance-1.0.jar;C:\Users\Dell\.m2\repository\com\github\vlsi\compactmap\compactmap\1.2.1\compactmap-1.2.1.jar;C:\Users\Dell\.m2\repository\com\github\andrewoma\dexx\dexx-collections\0.2\dexx-collections-0.2.jar;C:\Users\Dell\.m2\repository\com\fasterxml\jackson\core\jackson-annotations\2.9.0\jackson-annotations-2.9.0.jar;C:\Users\Dell\.m2\repository\com\fasterxml\jackson\core\jackson-core\2.9.3\jackson-core-2.9.3.jar;C:\Users\Dell\.m2\repository\com\fasterxml\jackson\core\jackson-databind\2.9.3\jackson-databind-2.9.3.jar;C:\Users\Dell\.m2\repository\com\netflix\eureka\eureka-core\1.8.6\eureka-core-1.8.6.jar;C:\Users\Dell\.m2\repository\org\codehaus\woodstox\woodstox-core-asl\4.4.1\woodstox-core-asl-4.4.1.jar;C:\Users\Dell\.m2\repository\javax\xml\stream\stax-api\1.0-2\stax-api-1.0-2.jar;C:\Users\Dell\.m2\repository\org\codehaus\woodstox\stax2-api\3.1.4\stax2-api-3.1.4.jar;C:\Users\Dell\.m2\repository\org\springframework\cloud\spring-cloud-starter-netflix-archaius\2.0.0.M7\spring-cloud-starter-netflix-archaius-2.0.0.M7.jar;C:\Users\Dell\.m2\repository\org\springframework\cloud\spring-cloud-netflix-archaius\2.0.0.M7\spring-cloud-netflix-archaius-2.0.0.M7.jar;C:\Users\Dell\.m2\repository\commons-configuration\commons-configuration\1.8\commons-configuration-1.8.jar;C:\Users\Dell\.m2\repository\com\google\guava\guava\18.0\guava-18.0.jar;C:\Users\Dell\.m2\repository\com\netflix\ribbon\ribbon-eureka\2.2.4\ribbon-eureka-2.2.4.jar;C:\Users\Dell\.m2\repository\org\slf4j\slf4j-api\1.7.25\slf4j-api-1.7.25.jar;C:\Users\Dell\.m2\repository\com\thoughtworks\xstream\xstream\1.4.9\xstream-1.4.9.jar;C:\Users\Dell\.m2\repository\xmlpull\xmlpull\1.1.3.1\xmlpull-1.1.3.1.jar;C:\Users\Dell\.m2\repository\xpp3\xpp3_min\1.1.4c\xpp3_min-1.1.4c.jar;C:\Users\Dell\.m2\repository\org\springframework\boot\spring-boot-starter-web\2.0.0.RELEASE\spring-boot-starter-web-2.0.0.RELEASE.jar;C:\Users\Dell\.m2\repository\org\springframework\boot\spring-boot-starter\2.0.0.RELEASE\spring-boot-starter-2.0.0.RELEASE.jar;C:\Users\Dell\.m2\repository\org\springframework\boot\spring-boot-starter-logging\2.0.0.RELEASE\spring-boot-starter-logging-2.0.0.RELEASE.jar;C:\Users\Dell\.m2\repository\ch\qos\logback\logback-classic\1.2.3\logback-classic-1.2.3.jar;C:\Users\Dell\.m2\repository\ch\qos\logback\logback-core\1.2.3\logback-core-1.2.3.jar;C:\Users\Dell\.m2\repository\org\apache\logging\log4j\log4j-to-slf4j\2.10.0\log4j-to-slf4j-2.10.0.jar;C:\Users\Dell\.m2\repository\org\apache\logging\log4j\log4j-api\2.10.0\log4j-api-2.10.0.jar;C:\Users\Dell\.m2\repository\org\slf4j\jul-to-slf4j\1.7.25\jul-to-slf4j-1.7.25.jar;C:\Users\Dell\.m2\repository\javax\annotation\javax.annotation-api\1.3.2\javax.annotation-api-1.3.2.jar;C:\Users\Dell\.m2\repository\org\yaml\snakeyaml\1.19\snakeyaml-1.19.jar;C:\Users\Dell\.m2\repository\org\springframework\boot\spring-boot-starter-json\2.0.0.RELEASE\spring-boot-starter-json-2.0.0.RELEASE.jar;C:\Users\Dell\.m2\repository\com\fasterxml\jackson\datatype\jackson-datatype-jdk8\2.9.3\jackson-datatype-jdk8-2.9.3.jar;C:\Users\Dell\.m2\repository\com\fasterxml\jackson\datatype\jackson-datatype-jsr310\2.9.3\jackson-datatype-jsr310-2.9.3.jar;C:\Users\Dell\.m2\repository\com\fasterxml\jackson\module\jackson-module-parameter-names\2.9.3\jackson-module-parameter-names-2.9.3.jar;C:\Users\Dell\.m2\repository\org\springframework\boot\spring-boot-starter-tomcat\2.0.0.RELEASE\spring-boot-starter-tomcat-2.0.0.RELEASE.jar;C:\Users\Dell\.m2\repository\org\apache\tomcat\embed\tomcat-embed-core\8.5.28\tomcat-embed-core-8.5.28.jar;C:\Users\Dell\.m2\repository\org\apache\tomcat\embed\tomcat-embed-el\8.5.28\tomcat-embed-el-8.5.28.jar;C:\Users\Dell\.m2\repository\org\apache\tomcat\embed\tomcat-embed-websocket\8.5.28\tomcat-embed-websocket-8.5.28.jar;C:\Users\Dell\.m2\repository\org\hibernate\validator\hibernate-validator\6.0.7.Final\hibernate-validator-6.0.7.Final.jar;C:\Users\Dell\.m2\repository\javax\validation\validation-api\2.0.1.Final\validation-api-2.0.1.Final.jar;C:\Users\Dell\.m2\repository\org\jboss\logging\jboss-logging\3.3.2.Final\jboss-logging-3.3.2.Final.jar;C:\Users\Dell\.m2\repository\com\fasterxml\classmate\1.3.4\classmate-1.3.4.jar;C:\Users\Dell\.m2\repository\org\springframework\spring-web\5.0.4.RELEASE\spring-web-5.0.4.RELEASE.jar;C:\Users\Dell\.m2\repository\org\springframework\spring-beans\5.0.4.RELEASE\spring-beans-5.0.4.RELEASE.jar;C:\Users\Dell\.m2\repository\org\springframework\spring-webmvc\5.0.4.RELEASE\spring-webmvc-5.0.4.RELEASE.jar;C:\Users\Dell\.m2\repository\org\springframework\spring-aop\5.0.4.RELEASE\spring-aop-5.0.4.RELEASE.jar;C:\Users\Dell\.m2\repository\org\springframework\spring-context\5.0.4.RELEASE\spring-context-5.0.4.RELEASE.jar;C:\Users\Dell\.m2\repository\org\springframework\spring-expression\5.0.4.RELEASE\spring-expression-5.0.4.RELEASE.jar;C:\Users\Dell\.m2\repository\org\springframework\cloud\spring-cloud-starter-openfeign\2.0.0.M1\spring-cloud-starter-openfeign-2.0.0.M1.jar;C:\Users\Dell\.m2\repository\org\springframework\cloud\spring-cloud-openfeign-core\2.0.0.M1\spring-cloud-openfeign-core-2.0.0.M1.jar;C:\Users\Dell\.m2\repository\org\springframework\cloud\spring-cloud-commons\2.0.0.M8\spring-cloud-commons-2.0.0.M8.jar;C:\Users\Dell\.m2\repository\org\springframework\security\spring-security-crypto\5.0.3.RELEASE\spring-security-crypto-5.0.3.RELEASE.jar;C:\Users\Dell\.m2\repository\io\github\openfeign\feign-core\9.5.1\feign-core-9.5.1.jar;C:\Users\Dell\.m2\repository\io\github\openfeign\feign-slf4j\9.5.1\feign-slf4j-9.5.1.jar;C:\Users\Dell\.m2\repository\io\github\openfeign\feign-hystrix\9.5.1\feign-hystrix-9.5.1.jar;C:\Users\Dell\.m2\repository\com\netflix\hystrix\hystrix-core\1.5.12\hystrix-core-1.5.12.jar;C:\Users\Dell\.m2\repository\org\hdrhistogram\HdrHistogram\2.1.9\HdrHistogram-2.1.9.jar;C:\Users\Dell\.m2\repository\io\github\openfeign\feign-java8\9.5.1\feign-java8-9.5.1.jar;C:\Users\Dell\.m2\repository\org\springframework\cloud\spring-cloud-starter-netflix-ribbon\2.0.0.M7\spring-cloud-starter-netflix-ribbon-2.0.0.M7.jar;C:\Users\Dell\.m2\repository\org\springframework\cloud\spring-cloud-netflix-ribbon\2.0.0.M7\spring-cloud-netflix-ribbon-2.0.0.M7.jar;C:\Users\Dell\.m2\repository\com\netflix\ribbon\ribbon\2.2.4\ribbon-2.2.4.jar;C:\Users\Dell\.m2\repository\com\netflix\ribbon\ribbon-transport\2.2.4\ribbon-transport-2.2.4.jar;C:\Users\Dell\.m2\repository\io\reactivex\rxnetty-contexts\0.4.9\rxnetty-contexts-0.4.9.jar;C:\Users\Dell\.m2\repository\io\reactivex\rxnetty-servo\0.4.9\rxnetty-servo-0.4.9.jar;C:\Users\Dell\.m2\repository\javax\inject\javax.inject\1\javax.inject-1.jar;C:\Users\Dell\.m2\repository\io\reactivex\rxnetty\0.4.9\rxnetty-0.4.9.jar;C:\Users\Dell\.m2\repository\io\netty\netty-codec-http\4.1.22.Final\netty-codec-http-4.1.22.Final.jar;C:\Users\Dell\.m2\repository\io\netty\netty-codec\4.1.22.Final\netty-codec-4.1.22.Final.jar;C:\Users\Dell\.m2\repository\io\netty\netty-transport-native-epoll\4.1.22.Final\netty-transport-native-epoll-4.1.22.Final.jar;C:\Users\Dell\.m2\repository\io\netty\netty-common\4.1.22.Final\netty-common-4.1.22.Final.jar;C:\Users\Dell\.m2\repository\io\netty\netty-buffer\4.1.22.Final\netty-buffer-4.1.22.Final.jar;C:\Users\Dell\.m2\repository\io\netty\netty-transport-native-unix-common\4.1.22.Final\netty-transport-native-unix-common-4.1.22.Final.jar;C:\Users\Dell\.m2\repository\io\netty\netty-transport\4.1.22.Final\netty-transport-4.1.22.Final.jar;C:\Users\Dell\.m2\repository\io\netty\netty-resolver\4.1.22.Final\netty-resolver-4.1.22.Final.jar;C:\Users\Dell\.m2\repository\com\netflix\ribbon\ribbon-core\2.2.4\ribbon-core-2.2.4.jar;C:\Users\Dell\.m2\repository\commons-lang\commons-lang\2.6\commons-lang-2.6.jar;C:\Users\Dell\.m2\repository\com\netflix\ribbon\ribbon-httpclient\2.2.4\ribbon-httpclient-2.2.4.jar;C:\Users\Dell\.m2\repository\commons-collections\commons-collections\3.2.2\commons-collections-3.2.2.jar;C:\Users\Dell\.m2\repository\com\netflix\netflix-commons\netflix-commons-util\0.1.1\netflix-commons-util-0.1.1.jar;C:\Users\Dell\.m2\repository\com\netflix\ribbon\ribbon-loadbalancer\2.2.4\ribbon-loadbalancer-2.2.4.jar;C:\Users\Dell\.m2\repository\com\netflix\netflix-commons\netflix-statistics\0.1.1\netflix-statistics-0.1.1.jar;C:\Users\Dell\.m2\repository\io\reactivex\rxjava\1.3.6\rxjava-1.3.6.jar;C:\Users\Dell\.m2\repository\org\springframework\boot\spring-boot-devtools\2.0.0.RELEASE\spring-boot-devtools-2.0.0.RELEASE.jar;C:\Users\Dell\.m2\repository\org\springframework\boot\spring-boot\2.0.0.RELEASE\spring-boot-2.0.0.RELEASE.jar;C:\Users\Dell\.m2\repository\org\springframework\boot\spring-boot-autoconfigure\2.0.0.RELEASE\spring-boot-autoconfigure-2.0.0.RELEASE.jar;C:\Users\Dell\.m2\repository\org\springframework\boot\spring-boot-starter-data-jpa\2.0.0.RELEASE\spring-boot-starter-data-jpa-2.0.0.RELEASE.jar;C:\Users\Dell\.m2\repository\org\springframework\boot\spring-boot-starter-aop\2.0.0.RELEASE\spring-boot-starter-aop-2.0.0.RELEASE.jar;C:\Users\Dell\.m2\repository\org\aspectj\aspectjweaver\1.8.13\aspectjweaver-1.8.13.jar;C:\Users\Dell\.m2\repository\org\springframework\boot\spring-boot-starter-jdbc\2.0.0.RELEASE\spring-boot-starter-jdbc-2.0.0.RELEASE.jar;C:\Users\Dell\.m2\repository\com\zaxxer\HikariCP\2.7.8\HikariCP-2.7.8.jar;C:\Users\Dell\.m2\repository\org\springframework\spring-jdbc\5.0.4.RELEASE\spring-jdbc-5.0.4.RELEASE.jar;C:\Users\Dell\.m2\repository\org\hibernate\hibernate-core\5.2.14.Final\hibernate-core-5.2.14.Final.jar;C:\Users\Dell\.m2\repository\org\hibernate\javax\persistence\hibernate-jpa-2.1-api\1.0.0.Final\hibernate-jpa-2.1-api-1.0.0.Final.jar;C:\Users\Dell\.m2\repository\org\javassist\javassist\3.22.0-GA\javassist-3.22.0-GA.jar;C:\Users\Dell\.m2\repository\antlr\antlr\2.7.7\antlr-2.7.7.jar;C:\Users\Dell\.m2\repository\org\jboss\jandex\2.0.3.Final\jandex-2.0.3.Final.jar;C:\Users\Dell\.m2\repository\dom4j\dom4j\1.6.1\dom4j-1.6.1.jar;C:\Users\Dell\.m2\repository\org\hibernate\common\hibernate-commons-annotations\5.0.1.Final\hibernate-commons-annotations-5.0.1.Final.jar;C:\Users\Dell\.m2\repository\javax\transaction\javax.transaction-api\1.2\javax.transaction-api-1.2.jar;C:\Users\Dell\.m2\repository\org\springframework\data\spring-data-jpa\2.0.5.RELEASE\spring-data-jpa-2.0.5.RELEASE.jar;C:\Users\Dell\.m2\repository\org\springframework\data\spring-data-commons\2.0.5.RELEASE\spring-data-commons-2.0.5.RELEASE.jar;C:\Users\Dell\.m2\repository\org\springframework\spring-orm\5.0.4.RELEASE\spring-orm-5.0.4.RELEASE.jar;C:\Users\Dell\.m2\repository\org\springframework\spring-tx\5.0.4.RELEASE\spring-tx-5.0.4.RELEASE.jar;C:\Users\Dell\.m2\repository\org\springframework\spring-aspects\5.0.4.RELEASE\spring-aspects-5.0.4.RELEASE.jar;C:\Users\Dell\.m2\repository\com\h2database\h2\1.4.196\h2-1.4.196.jar;C:\Users\Dell\.m2\repository\org\springframework\boot\spring-boot-starter-test\2.0.0.RELEASE\spring-boot-starter-test-2.0.0.RELEASE.jar;C:\Users\Dell\.m2\repository\org\springframework\boot\spring-boot-test\2.0.0.RELEASE\spring-boot-test-2.0.0.RELEASE.jar;C:\Users\Dell\.m2\repository\org\springframework\boot\spring-boot-test-autoconfigure\2.0.0.RELEASE\spring-boot-test-autoconfigure-2.0.0.RELEASE.jar;C:\Users\Dell\.m2\repository\com\jayway\jsonpath\json-path\2.4.0\json-path-2.4.0.jar;C:\Users\Dell\.m2\repository\net\minidev\json-smart\2.3\json-smart-2.3.jar;C:\Users\Dell\.m2\repository\net\minidev\accessors-smart\1.2\accessors-smart-1.2.jar;C:\Users\Dell\.m2\repository\org\ow2\asm\asm\5.0.4\asm-5.0.4.jar;C:\Users\Dell\.m2\repository\junit\junit\4.12\junit-4.12.jar;C:\Users\Dell\.m2\repository\org\assertj\assertj-core\3.9.1\assertj-core-3.9.1.jar;C:\Users\Dell\.m2\repository\org\mockito\mockito-core\2.15.0\mockito-core-2.15.0.jar;C:\Users\Dell\.m2\repository\net\bytebuddy\byte-buddy\1.7.10\byte-buddy-1.7.10.jar;C:\Users\Dell\.m2\repository\net\bytebuddy\byte-buddy-agent\1.7.10\byte-buddy-agent-1.7.10.jar;C:\Users\Dell\.m2\repository\org\objenesis\objenesis\2.6\objenesis-2.6.jar;C:\Users\Dell\.m2\repository\org\hamcrest\hamcrest-core\1.3\hamcrest-core-1.3.jar;C:\Users\Dell\.m2\repository\org\hamcrest\hamcrest-library\1.3\hamcrest-library-1.3.jar;C:\Users\Dell\.m2\repository\org\skyscreamer\jsonassert\1.5.0\jsonassert-1.5.0.jar;C:\Users\Dell\.m2\repository\com\vaadin\external\google\android-json\0.0.20131108.vaadin1\android-json-0.0.20131108.vaadin1.jar;C:\Users\Dell\.m2\repository\org\springframework\spring-core\5.0.4.RELEASE\spring-core-5.0.4.RELEASE.jar;C:\Users\Dell\.m2\repository\org\springframework\spring-jcl\5.0.4.RELEASE\spring-jcl-5.0.4.RELEASE.jar;C:\Users\Dell\.m2\repository\org\springframework\spring-test\5.0.4.RELEASE\spring-test-5.0.4.RELEASE.jar;C:\Users\Dell\.m2\repository\org\xmlunit\xmlunit-core\2.5.1\xmlunit-core-2.5.1.jar;, user.name=Dell, java.vm.specification.version=1.8, sun.java.command=C:\Users\Dell\AppData\Local\Temp\surefire6080197324205839415\surefirebooter4660829791809992676.jar C:\Users\Dell\AppData\Local\Temp\surefire6080197324205839415 2018-06-09T22-12-23_105-jvmRun1 surefire1292475263196098714tmp surefire_05992321387875116580tmp, java.home=C:\Program Files\Java\jdk1.8.0\jre, sun.arch.data.model=64, user.language=en, java.specification.vendor=Oracle Corporation, awt.toolkit=sun.awt.windows.WToolkit, java.vm.info=mixed mode, java.version=1.8.0, java.ext.dirs=C:\Program Files\Java\jdk1.8.0\jre\lib\ext;C:\Windows\Sun\Java\lib\ext, sun.boot.class.path=C:\Program Files\Java\jdk1.8.0\jre\lib\resources.jar;C:\Program Files\Java\jdk1.8.0\jre\lib\rt.jar;C:\Program Files\Java\jdk1.8.0\jre\lib\sunrsasign.jar;C:\Program Files\Java\jdk1.8.0\jre\lib\jsse.jar;C:\Program Files\Java\jdk1.8.0\jre\lib\jce.jar;C:\Program Files\Java\jdk1.8.0\jre\lib\charsets.jar;C:\Program Files\Java\jdk1.8.0\jre\lib\jfr.jar;C:\Program Files\Java\jdk1.8.0\jre\classes, java.vendor=Oracle Corporation, localRepository=C:\Users\Dell\.m2\repository, file.separator=\, java.vendor.url.bug=http://bugreport.sun.com/bugreport/, sun.io.unicode.encoding=UnicodeLittle, sun.cpu.endian=little, sun.desktop=windows, sun.cpu.isalist=amd64}}, SystemEnvironmentPropertySource@388043093 {name='systemEnvironment', properties={PATH=C:\install\apache-maven-3.2.1\bin;C:\Program Files\Java\jdk1.8.0\bin;C:\Windows\system32;C:\Windows;C:\Windows\System32\Wbem;C:\Windows\System32\WindowsPowerShell\v1.0\;C:\Program Files (x86)\Intel\OpenCL SDK\2.0\bin\x86;C:\Program Files (x86)\Intel\OpenCL SDK\2.0\bin\x64;C:\Program Files\Intel\WiFi\bin\;C:\Program Files\Common Files\Intel\WirelessCommon\;C:\Program Files (x86)\Skype\Phone\;C:\install\apache-maven-3.2.1\bin;C:\Program Files\Java\jdk1.8.0\bin;C:\Program Files\Intel\WiFi\bin\;C:\Program Files\Common Files\Intel\WirelessCommon\, LOCALAPPDATA=C:\Users\Dell\AppData\Local, PROCESSOR_LEVEL=6, SYSTEMDRIVE=C:, COMMONPROGRAMFILES(X86)=C:\Program Files (x86)\Common Files, FP_NO_HOST_CHECK=NO, USERDOMAIN=Dell-PC, LOGONSERVER=\\DELL-PC, JAVA_HOME=C:\Program Files\Java\jdk1.8.0, PROMPT=$P$G, SESSIONNAME=Console, ALLUSERSPROFILE=C:\ProgramData, PROGRAMFILES(X86)=C:\Program Files (x86), PROCESSOR_ARCHITECTURE=AMD64, PROGRAMFILES=C:\Program Files, WINDOWS_TRACING_FLAGS=3, =C:=C:\workspace\spring-boot-customer-service, APPDATA=C:\Users\Dell\AppData\Roaming, PSMODULEPATH=C:\Windows\system32\WindowsPowerShell\v1.0\Modules\, PROGRAMW6432=C:\Program Files, PROGRAMDATA=C:\ProgramData, SYSTEMROOT=C:\Windows, USERNAME=Dell, PATHEXT=.COM;.EXE;.BAT;.CMD;.VBS;.VBE;.JS;.JSE;.WSF;.WSH;.MSC, OS=Windows_NT, COMMONPROGRAMW6432=C:\Program Files\Common Files, COMPUTERNAME=DELL-PC, COMMONPROGRAMFILES=C:\Program Files\Common Files, COMSPEC=C:\Windows\system32\cmd.exe, PROCESSOR_REVISION=2a07, WINDIR=C:\Windows, HOMEPATH=\Users\Dell, TEMP=C:\Users\Dell\AppData\Local\Temp, HOMEDRIVE=C:, PROCESSOR_IDENTIFIER=Intel64 Family 6 Model 42 Stepping 7, GenuineIntel, USERPROFILE=C:\Users\Dell, TMP=C:\Users\Dell\AppData\Local\Temp, WINDOWS_TRACING_LOGFILE=C:\BVTBin\Tests\installpackage\csilogfile.log, PUBLIC=C:\Users\Public, NUMBER_OF_PROCESSORS=4, =::=::\}}]
22:12:30.788 [main] DEBUG org.springframework.core.io.support.PathMatchingResourcePatternResolver - Resolved classpath location [com/springboot/microservice/customer/] to resources [URL [file:/C:/workspace/spring-boot-customer-service/target/test-classes/com/springboot/microservice/customer/], URL [file:/C:/workspace/spring-boot-customer-service/target/classes/com/springboot/microservice/customer/]]
22:12:30.798 [main] DEBUG org.springframework.core.io.support.PathMatchingResourcePatternResolver - Looking for matching resources in directory tree [C:\workspace\spring-boot-customer-service\target\test-classes\com\springboot\microservice\customer]
22:12:30.798 [main] DEBUG org.springframework.core.io.support.PathMatchingResourcePatternResolver - Searching directory [C:\workspace\spring-boot-customer-service\target\test-classes\com\springboot\microservice\customer] for files matching pattern [C:/workspace/spring-boot-customer-service/target/test-classes/com/springboot/microservice/customer/*.class]
22:12:30.808 [main] DEBUG org.springframework.core.io.support.PathMatchingResourcePatternResolver - Looking for matching resources in directory tree [C:\workspace\spring-boot-customer-service\target\classes\com\springboot\microservice\customer]
22:12:30.808 [main] DEBUG org.springframework.core.io.support.PathMatchingResourcePatternResolver - Searching directory [C:\workspace\spring-boot-customer-service\target\classes\com\springboot\microservice\customer] for files matching pattern [C:/workspace/spring-boot-customer-service/target/classes/com/springboot/microservice/customer/*.class]
22:12:30.818 [main] DEBUG org.springframework.core.io.support.PathMatchingResourcePatternResolver - Resolved location pattern [classpath*:com/springboot/microservice/customer/*.class] to resources [file [C:\workspace\spring-boot-customer-service\target\test-classes\com\springboot\microservice\customer\SpringBootMicroserviceCustomerApplicationTests.class], file [C:\workspace\spring-boot-customer-service\target\classes\com\springboot\microservice\customer\Address$AddressType.class], file [C:\workspace\spring-boot-customer-service\target\classes\com\springboot\microservice\customer\Address.class], file [C:\workspace\spring-boot-customer-service\target\classes\com\springboot\microservice\customer\CurrencyExchangeServiceProxy.class], file [C:\workspace\spring-boot-customer-service\target\classes\com\springboot\microservice\customer\Customer.class], file [C:\workspace\spring-boot-customer-service\target\classes\com\springboot\microservice\customer\CustomerManagementController.class], file [C:\workspace\spring-boot-customer-service\target\classes\com\springboot\microservice\customer\CustomerRepository.class], file [C:\workspace\spring-boot-customer-service\target\classes\com\springboot\microservice\customer\SpringBootMicroserviceCustomerManagementApplication.class]]
22:12:31.418 [main] DEBUG org.springframework.context.annotation.ClassPathScanningCandidateComponentProvider - Identified candidate component class: file [C:\workspace\spring-boot-customer-service\target\classes\com\springboot\microservice\customer\SpringBootMicroserviceCustomerManagementApplication.class]
22:12:31.428 [main] INFO org.springframework.boot.test.context.SpringBootTestContextBootstrapper - Found @SpringBootConfiguration com.springboot.microservice.customer.SpringBootMicroserviceCustomerManagementApplication for test class com.springboot.microservice.customer.SpringBootMicroserviceCustomerApplicationTests
22:12:32.610 [main] DEBUG org.springframework.boot.test.context.SpringBootTestContextBootstrapper - @TestExecutionListeners is not present for class [com.springboot.microservice.customer.SpringBootMicroserviceCustomerApplicationTests]: using defaults.
22:12:32.610 [main] INFO org.springframework.boot.test.context.SpringBootTestContextBootstrapper - Loaded default TestExecutionListener class names from location [META-INF/spring.factories]: [org.springframework.boot.test.mock.mockito.MockitoTestExecutionListener, org.springframework.boot.test.mock.mockito.ResetMocksTestExecutionListener, org.springframework.boot.test.autoconfigure.restdocs.RestDocsTestExecutionListener, org.springframework.boot.test.autoconfigure.web.client.MockRestServiceServerResetTestExecutionListener, org.springframework.boot.test.autoconfigure.web.servlet.MockMvcPrintOnlyOnFailureTestExecutionListener, org.springframework.boot.test.autoconfigure.web.servlet.WebDriverTestExecutionListener, org.springframework.test.context.web.ServletTestExecutionListener, org.springframework.test.context.support.DirtiesContextBeforeModesTestExecutionListener, org.springframework.test.context.support.DependencyInjectionTestExecutionListener, org.springframework.test.context.support.DirtiesContextTestExecutionListener, org.springframework.test.context.transaction.TransactionalTestExecutionListener, org.springframework.test.context.jdbc.SqlScriptsTestExecutionListener]
22:12:32.900 [main] INFO org.springframework.boot.test.context.SpringBootTestContextBootstrapper - Using TestExecutionListeners: [org.springframework.test.context.web.ServletTestExecutionListener@68267da0, org.springframework.test.context.support.DirtiesContextBeforeModesTestExecutionListener@2638011, org.springframework.boot.test.mock.mockito.MockitoTestExecutionListener@6ff29830, org.springframework.boot.test.autoconfigure.SpringBootDependencyInjectionTestExecutionListener@6a2b953e, org.springframework.test.context.support.DirtiesContextTestExecutionListener@313b2ea6, org.springframework.test.context.transaction.TransactionalTestExecutionListener@2f465398, org.springframework.test.context.jdbc.SqlScriptsTestExecutionListener@548e6d58, org.springframework.boot.test.mock.mockito.ResetMocksTestExecutionListener@623a8092, org.springframework.boot.test.autoconfigure.restdocs.RestDocsTestExecutionListener@a1cdc6d, org.springframework.boot.test.autoconfigure.web.client.MockRestServiceServerResetTestExecutionListener@175b9425, org.springframework.boot.test.autoconfigure.web.servlet.MockMvcPrintOnlyOnFailureTestExecutionListener@3098cf3b, org.springframework.boot.test.autoconfigure.web.servlet.WebDriverTestExecutionListener@610f7aa]
22:12:32.910 [main] DEBUG org.springframework.test.annotation.ProfileValueUtils - Retrieved @ProfileValueSourceConfiguration [null] for test class [com.springboot.microservice.customer.SpringBootMicroserviceCustomerApplicationTests]
22:12:32.910 [main] DEBUG org.springframework.test.annotation.ProfileValueUtils - Retrieved ProfileValueSource type [class org.springframework.test.annotation.SystemProfileValueSource] for class [com.springboot.microservice.customer.SpringBootMicroserviceCustomerApplicationTests]
22:12:32.910 [main] DEBUG org.springframework.test.annotation.ProfileValueUtils - Retrieved @ProfileValueSourceConfiguration [null] for test class [com.springboot.microservice.customer.SpringBootMicroserviceCustomerApplicationTests]
22:12:32.910 [main] DEBUG org.springframework.test.annotation.ProfileValueUtils - Retrieved ProfileValueSource type [class org.springframework.test.annotation.SystemProfileValueSource] for class [com.springboot.microservice.customer.SpringBootMicroserviceCustomerApplicationTests]
22:12:32.940 [main] DEBUG org.springframework.test.annotation.ProfileValueUtils - Retrieved @ProfileValueSourceConfiguration [null] for test class [com.springboot.microservice.customer.SpringBootMicroserviceCustomerApplicationTests]
22:12:32.940 [main] DEBUG org.springframework.test.annotation.ProfileValueUtils - Retrieved ProfileValueSource type [class org.springframework.test.annotation.SystemProfileValueSource] for class [com.springboot.microservice.customer.SpringBootMicroserviceCustomerApplicationTests]
22:12:32.960 [main] DEBUG org.springframework.test.context.support.AbstractDirtiesContextTestExecutionListener - Before test class: context [DefaultTestContext@f2ff811 testClass = SpringBootMicroserviceCustomerApplicationTests, testInstance = [null], testMethod = [null], testException = [null], mergedContextConfiguration = [WebMergedContextConfiguration@568ff82 testClass = SpringBootMicroserviceCustomerApplicationTests, locations = '{}', classes = '{class com.springboot.microservice.customer.SpringBootMicroserviceCustomerManagementApplication}', contextInitializerClasses = '[]', activeProfiles = '{}', propertySourceLocations = '{}', propertySourceProperties = '{org.springframework.boot.test.context.SpringBootTestContextBootstrapper=true}', contextCustomizers = set[org.springframework.boot.test.context.filter.ExcludeFilterContextCustomizer@50d0686, org.springframework.boot.test.json.DuplicateJsonObjectContextCustomizerFactory$DuplicateJsonObjectContextCustomizer@77ec78b9, org.springframework.boot.test.mock.mockito.MockitoContextCustomizer@0, org.springframework.boot.test.web.client.TestRestTemplateContextCustomizer@192d3247, org.springframework.boot.test.autoconfigure.properties.PropertyMappingContextCustomizer@0, org.springframework.boot.test.autoconfigure.web.servlet.WebDriverContextCustomizerFactory$Customizer@17d0685f], resourceBasePath = 'src/main/webapp', contextLoader = 'org.springframework.boot.test.context.SpringBootContextLoader', parent = [null]], attributes = map['org.springframework.test.context.web.ServletTestExecutionListener.activateListener' -> true]], class annotated with @DirtiesContext [false] with mode [null].
22:12:32.965 [main] DEBUG org.springframework.test.annotation.ProfileValueUtils - Retrieved @ProfileValueSourceConfiguration [null] for test class [com.springboot.microservice.customer.SpringBootMicroserviceCustomerApplicationTests]
22:12:32.965 [main] DEBUG org.springframework.test.annotation.ProfileValueUtils - Retrieved ProfileValueSource type [class org.springframework.test.annotation.SystemProfileValueSource] for class [com.springboot.microservice.customer.SpringBootMicroserviceCustomerApplicationTests]
22:12:33.240 [main] DEBUG org.springframework.core.env.StandardEnvironment - Adding PropertySource 'systemProperties' with lowest search precedence
22:12:33.240 [main] DEBUG org.springframework.core.env.StandardEnvironment - Adding PropertySource 'systemEnvironment' with lowest search precedence
22:12:33.240 [main] DEBUG org.springframework.core.env.StandardEnvironment - Initialized StandardEnvironment with PropertySources [MapPropertySource@1768792843 {name='systemProperties', properties={idea.version=2016.2.1, java.runtime.name=Java(TM) SE Runtime Environment, sun.boot.library.path=C:\Program Files\Java\jdk1.8.0\jre\bin, java.vm.version=25.0-b70, java.vm.vendor=Oracle Corporation, java.vendor.url=http://java.oracle.com/, path.separator=;, java.vm.name=Java HotSpot(TM) 64-Bit Server VM, file.encoding.pkg=sun.io, user.country=US, user.script=, sun.java.launcher=SUN_STANDARD, sun.os.patch.level=Service Pack 1, java.vm.specification.name=Java Virtual Machine Specification, user.dir=C:\workspace\spring-boot-customer-service, java.runtime.version=1.8.0-b132, basedir=C:\workspace\spring-boot-customer-service, java.awt.graphicsenv=sun.awt.Win32GraphicsEnvironment, java.endorsed.dirs=C:\Program Files\Java\jdk1.8.0\jre\lib\endorsed, os.arch=amd64, surefire.real.class.path=C:\Users\Dell\AppData\Local\Temp\surefire6080197324205839415\surefirebooter4660829791809992676.jar, java.io.tmpdir=C:\Users\Dell\AppData\Local\Temp\, line.separator=
, java.vm.specification.vendor=Oracle Corporation, user.variant=, os.name=Windows 7, sun.jnu.encoding=Cp1252, java.library.path=C:\Program Files\Java\jdk1.8.0\jre\bin;C:\Windows\Sun\Java\bin;C:\Windows\system32;C:\Windows;C:\install\apache-maven-3.2.1\bin;C:\Program Files\Java\jdk1.8.0\bin;C:\Windows\system32;C:\Windows;C:\Windows\System32\Wbem;C:\Windows\System32\WindowsPowerShell\v1.0\;C:\Program Files (x86)\Intel\OpenCL SDK\2.0\bin\x86;C:\Program Files (x86)\Intel\OpenCL SDK\2.0\bin\x64;C:\Program Files\Intel\WiFi\bin\;C:\Program Files\Common Files\Intel\WirelessCommon\;C:\Program Files (x86)\Skype\Phone\;C:\install\apache-maven-3.2.1\bin;C:\Program Files\Java\jdk1.8.0\bin;C:\Program Files\Intel\WiFi\bin\;C:\Program Files\Common Files\Intel\WirelessCommon\;., surefire.test.class.path=C:\workspace\spring-boot-customer-service\target\test-classes;C:\workspace\spring-boot-customer-service\target\classes;C:\Users\Dell\.m2\repository\org\springframework\cloud\spring-cloud-starter-netflix-eureka-client\2.0.0.M7\spring-cloud-starter-netflix-eureka-client-2.0.0.M7.jar;C:\Users\Dell\.m2\repository\org\springframework\cloud\spring-cloud-starter\2.0.0.M8\spring-cloud-starter-2.0.0.M8.jar;C:\Users\Dell\.m2\repository\org\springframework\cloud\spring-cloud-context\2.0.0.M8\spring-cloud-context-2.0.0.M8.jar;C:\Users\Dell\.m2\repository\org\springframework\security\spring-security-rsa\1.0.5.RELEASE\spring-security-rsa-1.0.5.RELEASE.jar;C:\Users\Dell\.m2\repository\org\bouncycastle\bcpkix-jdk15on\1.56\bcpkix-jdk15on-1.56.jar;C:\Users\Dell\.m2\repository\org\bouncycastle\bcprov-jdk15on\1.56\bcprov-jdk15on-1.56.jar;C:\Users\Dell\.m2\repository\org\springframework\cloud\spring-cloud-netflix-core\2.0.0.M7\spring-cloud-netflix-core-2.0.0.M7.jar;C:\Users\Dell\.m2\repository\org\springframework\cloud\spring-cloud-netflix-eureka-client\2.0.0.M7\spring-cloud-netflix-eureka-client-2.0.0.M7.jar;C:\Users\Dell\.m2\repository\com\netflix\eureka\eureka-client\1.8.6\eureka-client-1.8.6.jar;C:\Users\Dell\.m2\repository\org\codehaus\jettison\jettison\1.3.7\jettison-1.3.7.jar;C:\Users\Dell\.m2\repository\stax\stax-api\1.0.1\stax-api-1.0.1.jar;C:\Users\Dell\.m2\repository\com\netflix\netflix-commons\netflix-eventbus\0.3.0\netflix-eventbus-0.3.0.jar;C:\Users\Dell\.m2\repository\com\netflix\netflix-commons\netflix-infix\0.3.0\netflix-infix-0.3.0.jar;C:\Users\Dell\.m2\repository\commons-jxpath\commons-jxpath\1.3\commons-jxpath-1.3.jar;C:\Users\Dell\.m2\repository\joda-time\joda-time\2.9.9\joda-time-2.9.9.jar;C:\Users\Dell\.m2\repository\org\antlr\antlr-runtime\3.4\antlr-runtime-3.4.jar;C:\Users\Dell\.m2\repository\org\antlr\stringtemplate\3.2.1\stringtemplate-3.2.1.jar;C:\Users\Dell\.m2\repository\com\google\code\gson\gson\2.8.2\gson-2.8.2.jar;C:\Users\Dell\.m2\repository\org\apache\commons\commons-math\2.2\commons-math-2.2.jar;C:\Users\Dell\.m2\repository\com\netflix\archaius\archaius-core\0.7.5\archaius-core-0.7.5.jar;C:\Users\Dell\.m2\repository\javax\ws\rs\jsr311-api\1.1.1\jsr311-api-1.1.1.jar;C:\Users\Dell\.m2\repository\com\netflix\servo\servo-core\0.10.1\servo-core-0.10.1.jar;C:\Users\Dell\.m2\repository\com\netflix\servo\servo-internal\0.10.1\servo-internal-0.10.1.jar;C:\Users\Dell\.m2\repository\com\sun\jersey\jersey-core\1.19.1\jersey-core-1.19.1.jar;C:\Users\Dell\.m2\repository\com\sun\jersey\jersey-client\1.19.1\jersey-client-1.19.1.jar;C:\Users\Dell\.m2\repository\com\sun\jersey\contribs\jersey-apache-client4\1.19.1\jersey-apache-client4-1.19.1.jar;C:\Users\Dell\.m2\repository\org\apache\httpcomponents\httpclient\4.5.5\httpclient-4.5.5.jar;C:\Users\Dell\.m2\repository\org\apache\httpcomponents\httpcore\4.4.9\httpcore-4.4.9.jar;C:\Users\Dell\.m2\repository\commons-codec\commons-codec\1.11\commons-codec-1.11.jar;C:\Users\Dell\.m2\repository\com\google\inject\guice\4.1.0\guice-4.1.0.jar;C:\Users\Dell\.m2\repository\aopalliance\aopalliance\1.0\aopalliance-1.0.jar;C:\Users\Dell\.m2\repository\com\github\vlsi\compactmap\compactmap\1.2.1\compactmap-1.2.1.jar;C:\Users\Dell\.m2\repository\com\github\andrewoma\dexx\dexx-collections\0.2\dexx-collections-0.2.jar;C:\Users\Dell\.m2\repository\com\fasterxml\jackson\core\jackson-annotations\2.9.0\jackson-annotations-2.9.0.jar;C:\Users\Dell\.m2\repository\com\fasterxml\jackson\core\jackson-core\2.9.3\jackson-core-2.9.3.jar;C:\Users\Dell\.m2\repository\com\fasterxml\jackson\core\jackson-databind\2.9.3\jackson-databind-2.9.3.jar;C:\Users\Dell\.m2\repository\com\netflix\eureka\eureka-core\1.8.6\eureka-core-1.8.6.jar;C:\Users\Dell\.m2\repository\org\codehaus\woodstox\woodstox-core-asl\4.4.1\woodstox-core-asl-4.4.1.jar;C:\Users\Dell\.m2\repository\javax\xml\stream\stax-api\1.0-2\stax-api-1.0-2.jar;C:\Users\Dell\.m2\repository\org\codehaus\woodstox\stax2-api\3.1.4\stax2-api-3.1.4.jar;C:\Users\Dell\.m2\repository\org\springframework\cloud\spring-cloud-starter-netflix-archaius\2.0.0.M7\spring-cloud-starter-netflix-archaius-2.0.0.M7.jar;C:\Users\Dell\.m2\repository\org\springframework\cloud\spring-cloud-netflix-archaius\2.0.0.M7\spring-cloud-netflix-archaius-2.0.0.M7.jar;C:\Users\Dell\.m2\repository\commons-configuration\commons-configuration\1.8\commons-configuration-1.8.jar;C:\Users\Dell\.m2\repository\com\google\guava\guava\18.0\guava-18.0.jar;C:\Users\Dell\.m2\repository\com\netflix\ribbon\ribbon-eureka\2.2.4\ribbon-eureka-2.2.4.jar;C:\Users\Dell\.m2\repository\org\slf4j\slf4j-api\1.7.25\slf4j-api-1.7.25.jar;C:\Users\Dell\.m2\repository\com\thoughtworks\xstream\xstream\1.4.9\xstream-1.4.9.jar;C:\Users\Dell\.m2\repository\xmlpull\xmlpull\1.1.3.1\xmlpull-1.1.3.1.jar;C:\Users\Dell\.m2\repository\xpp3\xpp3_min\1.1.4c\xpp3_min-1.1.4c.jar;C:\Users\Dell\.m2\repository\org\springframework\boot\spring-boot-starter-web\2.0.0.RELEASE\spring-boot-starter-web-2.0.0.RELEASE.jar;C:\Users\Dell\.m2\repository\org\springframework\boot\spring-boot-starter\2.0.0.RELEASE\spring-boot-starter-2.0.0.RELEASE.jar;C:\Users\Dell\.m2\repository\org\springframework\boot\spring-boot-starter-logging\2.0.0.RELEASE\spring-boot-starter-logging-2.0.0.RELEASE.jar;C:\Users\Dell\.m2\repository\ch\qos\logback\logback-classic\1.2.3\logback-classic-1.2.3.jar;C:\Users\Dell\.m2\repository\ch\qos\logback\logback-core\1.2.3\logback-core-1.2.3.jar;C:\Users\Dell\.m2\repository\org\apache\logging\log4j\log4j-to-slf4j\2.10.0\log4j-to-slf4j-2.10.0.jar;C:\Users\Dell\.m2\repository\org\apache\logging\log4j\log4j-api\2.10.0\log4j-api-2.10.0.jar;C:\Users\Dell\.m2\repository\org\slf4j\jul-to-slf4j\1.7.25\jul-to-slf4j-1.7.25.jar;C:\Users\Dell\.m2\repository\javax\annotation\javax.annotation-api\1.3.2\javax.annotation-api-1.3.2.jar;C:\Users\Dell\.m2\repository\org\yaml\snakeyaml\1.19\snakeyaml-1.19.jar;C:\Users\Dell\.m2\repository\org\springframework\boot\spring-boot-starter-json\2.0.0.RELEASE\spring-boot-starter-json-2.0.0.RELEASE.jar;C:\Users\Dell\.m2\repository\com\fasterxml\jackson\datatype\jackson-datatype-jdk8\2.9.3\jackson-datatype-jdk8-2.9.3.jar;C:\Users\Dell\.m2\repository\com\fasterxml\jackson\datatype\jackson-datatype-jsr310\2.9.3\jackson-datatype-jsr310-2.9.3.jar;C:\Users\Dell\.m2\repository\com\fasterxml\jackson\module\jackson-module-parameter-names\2.9.3\jackson-module-parameter-names-2.9.3.jar;C:\Users\Dell\.m2\repository\org\springframework\boot\spring-boot-starter-tomcat\2.0.0.RELEASE\spring-boot-starter-tomcat-2.0.0.RELEASE.jar;C:\Users\Dell\.m2\repository\org\apache\tomcat\embed\tomcat-embed-core\8.5.28\tomcat-embed-core-8.5.28.jar;C:\Users\Dell\.m2\repository\org\apache\tomcat\embed\tomcat-embed-el\8.5.28\tomcat-embed-el-8.5.28.jar;C:\Users\Dell\.m2\repository\org\apache\tomcat\embed\tomcat-embed-websocket\8.5.28\tomcat-embed-websocket-8.5.28.jar;C:\Users\Dell\.m2\repository\org\hibernate\validator\hibernate-validator\6.0.7.Final\hibernate-validator-6.0.7.Final.jar;C:\Users\Dell\.m2\repository\javax\validation\validation-api\2.0.1.Final\validation-api-2.0.1.Final.jar;C:\Users\Dell\.m2\repository\org\jboss\logging\jboss-logging\3.3.2.Final\jboss-logging-3.3.2.Final.jar;C:\Users\Dell\.m2\repository\com\fasterxml\classmate\1.3.4\classmate-1.3.4.jar;C:\Users\Dell\.m2\repository\org\springframework\spring-web\5.0.4.RELEASE\spring-web-5.0.4.RELEASE.jar;C:\Users\Dell\.m2\repository\org\springframework\spring-beans\5.0.4.RELEASE\spring-beans-5.0.4.RELEASE.jar;C:\Users\Dell\.m2\repository\org\springframework\spring-webmvc\5.0.4.RELEASE\spring-webmvc-5.0.4.RELEASE.jar;C:\Users\Dell\.m2\repository\org\springframework\spring-aop\5.0.4.RELEASE\spring-aop-5.0.4.RELEASE.jar;C:\Users\Dell\.m2\repository\org\springframework\spring-context\5.0.4.RELEASE\spring-context-5.0.4.RELEASE.jar;C:\Users\Dell\.m2\repository\org\springframework\spring-expression\5.0.4.RELEASE\spring-expression-5.0.4.RELEASE.jar;C:\Users\Dell\.m2\repository\org\springframework\cloud\spring-cloud-starter-openfeign\2.0.0.M1\spring-cloud-starter-openfeign-2.0.0.M1.jar;C:\Users\Dell\.m2\repository\org\springframework\cloud\spring-cloud-openfeign-core\2.0.0.M1\spring-cloud-openfeign-core-2.0.0.M1.jar;C:\Users\Dell\.m2\repository\org\springframework\cloud\spring-cloud-commons\2.0.0.M8\spring-cloud-commons-2.0.0.M8.jar;C:\Users\Dell\.m2\repository\org\springframework\security\spring-security-crypto\5.0.3.RELEASE\spring-security-crypto-5.0.3.RELEASE.jar;C:\Users\Dell\.m2\repository\io\github\openfeign\feign-core\9.5.1\feign-core-9.5.1.jar;C:\Users\Dell\.m2\repository\io\github\openfeign\feign-slf4j\9.5.1\feign-slf4j-9.5.1.jar;C:\Users\Dell\.m2\repository\io\github\openfeign\feign-hystrix\9.5.1\feign-hystrix-9.5.1.jar;C:\Users\Dell\.m2\repository\com\netflix\hystrix\hystrix-core\1.5.12\hystrix-core-1.5.12.jar;C:\Users\Dell\.m2\repository\org\hdrhistogram\HdrHistogram\2.1.9\HdrHistogram-2.1.9.jar;C:\Users\Dell\.m2\repository\io\github\openfeign\feign-java8\9.5.1\feign-java8-9.5.1.jar;C:\Users\Dell\.m2\repository\org\springframework\cloud\spring-cloud-starter-netflix-ribbon\2.0.0.M7\spring-cloud-starter-netflix-ribbon-2.0.0.M7.jar;C:\Users\Dell\.m2\repository\org\springframework\cloud\spring-cloud-netflix-ribbon\2.0.0.M7\spring-cloud-netflix-ribbon-2.0.0.M7.jar;C:\Users\Dell\.m2\repository\com\netflix\ribbon\ribbon\2.2.4\ribbon-2.2.4.jar;C:\Users\Dell\.m2\repository\com\netflix\ribbon\ribbon-transport\2.2.4\ribbon-transport-2.2.4.jar;C:\Users\Dell\.m2\repository\io\reactivex\rxnetty-contexts\0.4.9\rxnetty-contexts-0.4.9.jar;C:\Users\Dell\.m2\repository\io\reactivex\rxnetty-servo\0.4.9\rxnetty-servo-0.4.9.jar;C:\Users\Dell\.m2\repository\javax\inject\javax.inject\1\javax.inject-1.jar;C:\Users\Dell\.m2\repository\io\reactivex\rxnetty\0.4.9\rxnetty-0.4.9.jar;C:\Users\Dell\.m2\repository\io\netty\netty-codec-http\4.1.22.Final\netty-codec-http-4.1.22.Final.jar;C:\Users\Dell\.m2\repository\io\netty\netty-codec\4.1.22.Final\netty-codec-4.1.22.Final.jar;C:\Users\Dell\.m2\repository\io\netty\netty-transport-native-epoll\4.1.22.Final\netty-transport-native-epoll-4.1.22.Final.jar;C:\Users\Dell\.m2\repository\io\netty\netty-common\4.1.22.Final\netty-common-4.1.22.Final.jar;C:\Users\Dell\.m2\repository\io\netty\netty-buffer\4.1.22.Final\netty-buffer-4.1.22.Final.jar;C:\Users\Dell\.m2\repository\io\netty\netty-transport-native-unix-common\4.1.22.Final\netty-transport-native-unix-common-4.1.22.Final.jar;C:\Users\Dell\.m2\repository\io\netty\netty-transport\4.1.22.Final\netty-transport-4.1.22.Final.jar;C:\Users\Dell\.m2\repository\io\netty\netty-resolver\4.1.22.Final\netty-resolver-4.1.22.Final.jar;C:\Users\Dell\.m2\repository\com\netflix\ribbon\ribbon-core\2.2.4\ribbon-core-2.2.4.jar;C:\Users\Dell\.m2\repository\commons-lang\commons-lang\2.6\commons-lang-2.6.jar;C:\Users\Dell\.m2\repository\com\netflix\ribbon\ribbon-httpclient\2.2.4\ribbon-httpclient-2.2.4.jar;C:\Users\Dell\.m2\repository\commons-collections\commons-collections\3.2.2\commons-collections-3.2.2.jar;C:\Users\Dell\.m2\repository\com\netflix\netflix-commons\netflix-commons-util\0.1.1\netflix-commons-util-0.1.1.jar;C:\Users\Dell\.m2\repository\com\netflix\ribbon\ribbon-loadbalancer\2.2.4\ribbon-loadbalancer-2.2.4.jar;C:\Users\Dell\.m2\repository\com\netflix\netflix-commons\netflix-statistics\0.1.1\netflix-statistics-0.1.1.jar;C:\Users\Dell\.m2\repository\io\reactivex\rxjava\1.3.6\rxjava-1.3.6.jar;C:\Users\Dell\.m2\repository\org\springframework\boot\spring-boot-devtools\2.0.0.RELEASE\spring-boot-devtools-2.0.0.RELEASE.jar;C:\Users\Dell\.m2\repository\org\springframework\boot\spring-boot\2.0.0.RELEASE\spring-boot-2.0.0.RELEASE.jar;C:\Users\Dell\.m2\repository\org\springframework\boot\spring-boot-autoconfigure\2.0.0.RELEASE\spring-boot-autoconfigure-2.0.0.RELEASE.jar;C:\Users\Dell\.m2\repository\org\springframework\boot\spring-boot-starter-data-jpa\2.0.0.RELEASE\spring-boot-starter-data-jpa-2.0.0.RELEASE.jar;C:\Users\Dell\.m2\repository\org\springframework\boot\spring-boot-starter-aop\2.0.0.RELEASE\spring-boot-starter-aop-2.0.0.RELEASE.jar;C:\Users\Dell\.m2\repository\org\aspectj\aspectjweaver\1.8.13\aspectjweaver-1.8.13.jar;C:\Users\Dell\.m2\repository\org\springframework\boot\spring-boot-starter-jdbc\2.0.0.RELEASE\spring-boot-starter-jdbc-2.0.0.RELEASE.jar;C:\Users\Dell\.m2\repository\com\zaxxer\HikariCP\2.7.8\HikariCP-2.7.8.jar;C:\Users\Dell\.m2\repository\org\springframework\spring-jdbc\5.0.4.RELEASE\spring-jdbc-5.0.4.RELEASE.jar;C:\Users\Dell\.m2\repository\org\hibernate\hibernate-core\5.2.14.Final\hibernate-core-5.2.14.Final.jar;C:\Users\Dell\.m2\repository\org\hibernate\javax\persistence\hibernate-jpa-2.1-api\1.0.0.Final\hibernate-jpa-2.1-api-1.0.0.Final.jar;C:\Users\Dell\.m2\repository\org\javassist\javassist\3.22.0-GA\javassist-3.22.0-GA.jar;C:\Users\Dell\.m2\repository\antlr\antlr\2.7.7\antlr-2.7.7.jar;C:\Users\Dell\.m2\repository\org\jboss\jandex\2.0.3.Final\jandex-2.0.3.Final.jar;C:\Users\Dell\.m2\repository\dom4j\dom4j\1.6.1\dom4j-1.6.1.jar;C:\Users\Dell\.m2\repository\org\hibernate\common\hibernate-commons-annotations\5.0.1.Final\hibernate-commons-annotations-5.0.1.Final.jar;C:\Users\Dell\.m2\repository\javax\transaction\javax.transaction-api\1.2\javax.transaction-api-1.2.jar;C:\Users\Dell\.m2\repository\org\springframework\data\spring-data-jpa\2.0.5.RELEASE\spring-data-jpa-2.0.5.RELEASE.jar;C:\Users\Dell\.m2\repository\org\springframework\data\spring-data-commons\2.0.5.RELEASE\spring-data-commons-2.0.5.RELEASE.jar;C:\Users\Dell\.m2\repository\org\springframework\spring-orm\5.0.4.RELEASE\spring-orm-5.0.4.RELEASE.jar;C:\Users\Dell\.m2\repository\org\springframework\spring-tx\5.0.4.RELEASE\spring-tx-5.0.4.RELEASE.jar;C:\Users\Dell\.m2\repository\org\springframework\spring-aspects\5.0.4.RELEASE\spring-aspects-5.0.4.RELEASE.jar;C:\Users\Dell\.m2\repository\com\h2database\h2\1.4.196\h2-1.4.196.jar;C:\Users\Dell\.m2\repository\org\springframework\boot\spring-boot-starter-test\2.0.0.RELEASE\spring-boot-starter-test-2.0.0.RELEASE.jar;C:\Users\Dell\.m2\repository\org\springframework\boot\spring-boot-test\2.0.0.RELEASE\spring-boot-test-2.0.0.RELEASE.jar;C:\Users\Dell\.m2\repository\org\springframework\boot\spring-boot-test-autoconfigure\2.0.0.RELEASE\spring-boot-test-autoconfigure-2.0.0.RELEASE.jar;C:\Users\Dell\.m2\repository\com\jayway\jsonpath\json-path\2.4.0\json-path-2.4.0.jar;C:\Users\Dell\.m2\repository\net\minidev\json-smart\2.3\json-smart-2.3.jar;C:\Users\Dell\.m2\repository\net\minidev\accessors-smart\1.2\accessors-smart-1.2.jar;C:\Users\Dell\.m2\repository\org\ow2\asm\asm\5.0.4\asm-5.0.4.jar;C:\Users\Dell\.m2\repository\junit\junit\4.12\junit-4.12.jar;C:\Users\Dell\.m2\repository\org\assertj\assertj-core\3.9.1\assertj-core-3.9.1.jar;C:\Users\Dell\.m2\repository\org\mockito\mockito-core\2.15.0\mockito-core-2.15.0.jar;C:\Users\Dell\.m2\repository\net\bytebuddy\byte-buddy\1.7.10\byte-buddy-1.7.10.jar;C:\Users\Dell\.m2\repository\net\bytebuddy\byte-buddy-agent\1.7.10\byte-buddy-agent-1.7.10.jar;C:\Users\Dell\.m2\repository\org\objenesis\objenesis\2.6\objenesis-2.6.jar;C:\Users\Dell\.m2\repository\org\hamcrest\hamcrest-core\1.3\hamcrest-core-1.3.jar;C:\Users\Dell\.m2\repository\org\hamcrest\hamcrest-library\1.3\hamcrest-library-1.3.jar;C:\Users\Dell\.m2\repository\o
[...]
	at org.springframework.boot.autoconfigure.web.servlet.WebMvcAutoConfiguration$EnableWebMvcConfiguration$$EnhancerBySpringCGLIB$$da72191d.CGLIB$requestMappingHandlerAdapter$2(<generated>) ~[spring-boot-autoconfigure-2.0.0.RELEASE.jar:2.0.0.RELEASE]
	at org.springframework.boot.autoconfigure.web.servlet.WebMvcAutoConfiguration$EnableWebMvcConfiguration$$EnhancerBySpringCGLIB$$da72191d$$FastClassBySpringCGLIB$$12b2f971.invoke(<generated>) ~[spring-boot-autoconfigure-2.0.0.RELEASE.jar:2.0.0.RELEASE]
	at org.springframework.cglib.proxy.MethodProxy.invokeSuper(MethodProxy.java:228) ~[spring-core-5.0.4.RELEASE.jar:5.0.4.RELEASE]
	at org.springframework.context.annotation.ConfigurationClassEnhancer$BeanMethodInterceptor.intercept(ConfigurationClassEnhancer.java:361) ~[spring-context-5.0.4.RELEASE.jar:5.0.4.RELEASE]
	at org.springframework.boot.autoconfigure.web.servlet.WebMvcAutoConfiguration$EnableWebMvcConfiguration$$EnhancerBySpringCGLIB$$da72191d.requestMappingHandlerAdapter(<generated>) ~[spring-boot-autoconfigure-2.0.0.RELEASE.jar:2.0.0.RELEASE]
	at sun.reflect.NativeMethodAccessorImpl.invoke0(Native Method) ~[na:1.8.0]
	at sun.reflect.NativeMethodAccessorImpl.invoke(NativeMethodAccessorImpl.java:62) ~[na:1.8.0]
	at sun.reflect.DelegatingMethodAccessorImpl.invoke(DelegatingMethodAccessorImpl.java:43) ~[na:1.8.0]
	at java.lang.reflect.Method.invoke(Method.java:483) ~[na:1.8.0]
	at org.springframework.beans.factory.support.SimpleInstantiationStrategy.instantiate(SimpleInstantiationStrategy.java:154) ~[spring-beans-5.0.4.RELEASE.jar:5.0.4.RELEASE]
	... 46 common frames omitted
Caused by: org.springframework.beans.BeanInstantiationException: Failed to instantiate [org.springframework.format.support.FormattingConversionService]: Factory method 'mvcConversionService' threw exception; nested exception is org.springframework.beans.factory.BeanCreationException: Error creating bean with name 'customerRepository': Cannot create inner bean '(inner bean)#6ee88e21' of type [org.springframework.orm.jpa.SharedEntityManagerCreator] while setting bean property 'entityManager'; nested exception is org.springframework.beans.factory.BeanCreationException: Error creating bean with name '(inner bean)#6ee88e21': Cannot resolve reference to bean 'entityManagerFactory' while setting constructor argument; nested exception is org.springframework.beans.factory.BeanCreationException: Error creating bean with name 'entityManagerFactory': Post-processing of FactoryBean's singleton object failed; nested exception is org.springframework.jdbc.datasource.init.ScriptStatementFailedException: Failed to execute SQL script statement #1 of URL [file:/C:/workspace/spring-boot-customer-service/target/classes/data.sql]: insert into exchange_value(id,currency_from,currency_to,conversion_multiple,port) values(10001,'USD','INR',65,0); nested exception is org.h2.jdbc.JdbcSQLException: Table "EXCHANGE_VALUE" not found; SQL statement:
insert into exchange_value(id,currency_from,currency_to,conversion_multiple,port) values(10001,'USD','INR',65,0) [42102-196]
	at org.springframework.beans.factory.support.SimpleInstantiationStrategy.instantiate(SimpleInstantiationStrategy.java:185) ~[spring-beans-5.0.4.RELEASE.jar:5.0.4.RELEASE]
	at org.springframework.beans.factory.support.ConstructorResolver.instantiateUsingFactoryMethod(ConstructorResolver.java:579) ~[spring-beans-5.0.4.RELEASE.jar:5.0.4.RELEASE]
	... 72 common frames omitted
Caused by: org.springframework.beans.factory.BeanCreationException: Error creating bean with name 'customerRepository': Cannot create inner bean '(inner bean)#6ee88e21' of type [org.springframework.orm.jpa.SharedEntityManagerCreator] while setting bean property 'entityManager'; nested exception is org.springframework.beans.factory.BeanCreationException: Error creating bean with name '(inner bean)#6ee88e21': Cannot resolve reference to bean 'entityManagerFactory' while setting constructor argument; nested exception is org.springframework.beans.factory.BeanCreationException: Error creating bean with name 'entityManagerFactory': Post-processing of FactoryBean's singleton object failed; nested exception is org.springframework.jdbc.datasource.init.ScriptStatementFailedException: Failed to execute SQL script statement #1 of URL [file:/C:/workspace/spring-boot-customer-service/target/classes/data.sql]: insert into exchange_value(id,currency_from,currency_to,conversion_multiple,port) values(10001,'USD','INR',65,0); nested exception is org.h2.jdbc.JdbcSQLException: Table "EXCHANGE_VALUE" not found; SQL statement:
insert into exchange_value(id,currency_from,currency_to,conversion_multiple,port) values(10001,'USD','INR',65,0) [42102-196]
	at org.springframework.beans.factory.support.BeanDefinitionValueResolver.resolveInnerBean(BeanDefinitionValueResolver.java:327) ~[spring-beans-5.0.4.RELEASE.jar:5.0.4.RELEASE]
	at org.springframework.beans.factory.support.BeanDefinitionValueResolver.resolveValueIfNecessary(BeanDefinitionValueResolver.java:131) ~[spring-beans-5.0.4.RELEASE.jar:5.0.4.RELEASE]
	at org.springframework.beans.factory.support.AbstractAutowireCapableBeanFactory.applyPropertyValues(AbstractAutowireCapableBeanFactory.java:1613) ~[spring-beans-5.0.4.RELEASE.jar:5.0.4.RELEASE]
	at org.springframework.beans.factory.support.AbstractAutowireCapableBeanFactory.populateBean(AbstractAutowireCapableBeanFactory.java:1357) ~[spring-beans-5.0.4.RELEASE.jar:5.0.4.RELEASE]
	at org.springframework.beans.factory.support.AbstractAutowireCapableBeanFactory.doCreateBean(AbstractAutowireCapableBeanFactory.java:582) ~[spring-beans-5.0.4.RELEASE.jar:5.0.4.RELEASE]
	at org.springframework.beans.factory.support.AbstractAutowireCapableBeanFactory.createBean(AbstractAutowireCapableBeanFactory.java:502) ~[spring-beans-5.0.4.RELEASE.jar:5.0.4.RELEASE]
	at org.springframework.beans.factory.support.AbstractBeanFactory.lambda$doGetBean$0(AbstractBeanFactory.java:312) ~[spring-beans-5.0.4.RELEASE.jar:5.0.4.RELEASE]
	at org.springframework.beans.factory.support.AbstractBeanFactory$$Lambda$134/846974653.getObject(Unknown Source) ~[na:na]
	at org.springframework.beans.factory.support.DefaultSingletonBeanRegistry.getSingleton(DefaultSingletonBeanRegistry.java:228) ~[spring-beans-5.0.4.RELEASE.jar:5.0.4.RELEASE]
	at org.springframework.beans.factory.support.AbstractBeanFactory.doGetBean(AbstractBeanFactory.java:310) ~[spring-beans-5.0.4.RELEASE.jar:5.0.4.RELEASE]
	at org.springframework.beans.factory.support.AbstractBeanFactory.getBean(AbstractBeanFactory.java:205) ~[spring-beans-5.0.4.RELEASE.jar:5.0.4.RELEASE]
	at org.springframework.context.support.AbstractApplicationContext.getBean(AbstractApplicationContext.java:1091) ~[spring-context-5.0.4.RELEASE.jar:5.0.4.RELEASE]
	at org.springframework.data.repository.support.Repositories.cacheRepositoryFactory(Repositories.java:96) ~[spring-data-commons-2.0.5.RELEASE.jar:2.0.5.RELEASE]
	at org.springframework.data.repository.support.Repositories.populateRepositoryFactoryInformation(Repositories.java:89) ~[spring-data-commons-2.0.5.RELEASE.jar:2.0.5.RELEASE]
	at org.springframework.data.repository.support.Repositories.<init>(Repositories.java:82) ~[spring-data-commons-2.0.5.RELEASE.jar:2.0.5.RELEASE]
	at org.springframework.data.repository.support.DomainClassConverter.setApplicationContext(DomainClassConverter.java:109) ~[spring-data-commons-2.0.5.RELEASE.jar:2.0.5.RELEASE]
	at org.springframework.data.web.config.SpringDataWebConfiguration.addFormatters(SpringDataWebConfiguration.java:130) ~[spring-data-commons-2.0.5.RELEASE.jar:2.0.5.RELEASE]
	at org.springframework.web.servlet.config.annotation.WebMvcConfigurerComposite.addFormatters(WebMvcConfigurerComposite.java:81) ~[spring-webmvc-5.0.4.RELEASE.jar:5.0.4.RELEASE]
	at org.springframework.web.servlet.config.annotation.DelegatingWebMvcConfiguration.addFormatters(DelegatingWebMvcConfiguration.java:78) ~[spring-webmvc-5.0.4.RELEASE.jar:5.0.4.RELEASE]
	at org.springframework.boot.autoconfigure.web.servlet.WebMvcAutoConfiguration$EnableWebMvcConfiguration.mvcConversionService(WebMvcAutoConfiguration.java:496) ~[spring-boot-autoconfigure-2.0.0.RELEASE.jar:2.0.0.RELEASE]
	at org.springframework.boot.autoconfigure.web.servlet.WebMvcAutoConfiguration$EnableWebMvcConfiguration$$EnhancerBySpringCGLIB$$da72191d.CGLIB$mvcConversionService$9(<generated>) ~[spring-boot-autoconfigure-2.0.0.RELEASE.jar:2.0.0.RELEASE]
	at org.springframework.boot.autoconfigure.web.servlet.WebMvcAutoConfiguration$EnableWebMvcConfiguration$$EnhancerBySpringCGLIB$$da72191d$$FastClassBySpringCGLIB$$12b2f971.invoke(<generated>) ~[spring-boot-autoconfigure-2.0.0.RELEASE.jar:2.0.0.RELEASE]
	at org.springframework.cglib.proxy.MethodProxy.invokeSuper(MethodProxy.java:228) ~[spring-core-5.0.4.RELEASE.jar:5.0.4.RELEASE]
	at org.springframework.context.annotation.ConfigurationClassEnhancer$BeanMethodInterceptor.intercept(ConfigurationClassEnhancer.java:361) ~[spring-context-5.0.4.RELEASE.jar:5.0.4.RELEASE]
	at org.springframework.boot.autoconfigure.web.servlet.WebMvcAutoConfiguration$EnableWebMvcConfiguration$$EnhancerBySpringCGLIB$$da72191d.mvcConversionService(<generated>) ~[spring-boot-autoconfigure-2.0.0.RELEASE.jar:2.0.0.RELEASE]
	at sun.reflect.NativeMethodAccessorImpl.invoke0(Native Method) ~[na:1.8.0]
	at sun.reflect.NativeMethodAccessorImpl.invoke(NativeMethodAccessorImpl.java:62) ~[na:1.8.0]
	at sun.reflect.DelegatingMethodAccessorImpl.invoke(DelegatingMethodAccessorImpl.java:43) ~[na:1.8.0]
	at java.lang.reflect.Method.invoke(Method.java:483) ~[na:1.8.0]
	at org.springframework.beans.factory.support.SimpleInstantiationStrategy.instantiate(SimpleInstantiationStrategy.java:154) ~[spring-beans-5.0.4.RELEASE.jar:5.0.4.RELEASE]
	... 73 common frames omitted
Caused by: org.springframework.beans.factory.BeanCreationException: Error creating bean with name '(inner bean)#6ee88e21': Cannot resolve reference to bean 'entityManagerFactory' while setting constructor argument; nested exception is org.springframework.beans.factory.BeanCreationException: Error creating bean with name 'entityManagerFactory': Post-processing of FactoryBean's singleton object failed; nested exception is org.springframework.jdbc.datasource.init.ScriptStatementFailedException: Failed to execute SQL script statement #1 of URL [file:/C:/workspace/spring-boot-customer-service/target/classes/data.sql]: insert into exchange_value(id,currency_from,currency_to,conversion_multiple,port) values(10001,'USD','INR',65,0); nested exception is org.h2.jdbc.JdbcSQLException: Table "EXCHANGE_VALUE" not found; SQL statement:
insert into exchange_value(id,currency_from,currency_to,conversion_multiple,port) values(10001,'USD','INR',65,0) [42102-196]
	at org.springframework.beans.factory.support.BeanDefinitionValueResolver.resolveReference(BeanDefinitionValueResolver.java:378) ~[spring-beans-5.0.4.RELEASE.jar:5.0.4.RELEASE]
	at org.springframework.beans.factory.support.BeanDefinitionValueResolver.resolveValueIfNecessary(BeanDefinitionValueResolver.java:110) ~[spring-beans-5.0.4.RELEASE.jar:5.0.4.RELEASE]
	at org.springframework.beans.factory.support.ConstructorResolver.resolveConstructorArguments(ConstructorResolver.java:622) ~[spring-beans-5.0.4.RELEASE.jar:5.0.4.RELEASE]
	at org.springframework.beans.factory.support.ConstructorResolver.instantiateUsingFactoryMethod(ConstructorResolver.java:440) ~[spring-beans-5.0.4.RELEASE.jar:5.0.4.RELEASE]
	at org.springframework.beans.factory.support.AbstractAutowireCapableBeanFactory.instantiateUsingFactoryMethod(AbstractAutowireCapableBeanFactory.java:1250) ~[spring-beans-5.0.4.RELEASE.jar:5.0.4.RELEASE]
	at org.springframework.beans.factory.support.AbstractAutowireCapableBeanFactory.createBeanInstance(AbstractAutowireCapableBeanFactory.java:1099) ~[spring-beans-5.0.4.RELEASE.jar:5.0.4.RELEASE]
	at org.springframework.beans.factory.support.AbstractAutowireCapableBeanFactory.doCreateBean(AbstractAutowireCapableBeanFactory.java:545) ~[spring-beans-5.0.4.RELEASE.jar:5.0.4.RELEASE]
	at org.springframework.beans.factory.support.AbstractAutowireCapableBeanFactory.createBean(AbstractAutowireCapableBeanFactory.java:502) ~[spring-beans-5.0.4.RELEASE.jar:5.0.4.RELEASE]
	at org.springframework.beans.factory.support.BeanDefinitionValueResolver.resolveInnerBean(BeanDefinitionValueResolver.java:312) ~[spring-beans-5.0.4.RELEASE.jar:5.0.4.RELEASE]
	... 102 common frames omitted
Caused by: org.springframework.beans.factory.BeanCreationException: Error creating bean with name 'entityManagerFactory': Post-processing of FactoryBean's singleton object failed; nested exception is org.springframework.jdbc.datasource.init.ScriptStatementFailedException: Failed to execute SQL script statement #1 of URL [file:/C:/workspace/spring-boot-customer-service/target/classes/data.sql]: insert into exchange_value(id,currency_from,currency_to,conversion_multiple,port) values(10001,'USD','INR',65,0); nested exception is org.h2.jdbc.JdbcSQLException: Table "EXCHANGE_VALUE" not found; SQL statement:
insert into exchange_value(id,currency_from,currency_to,conversion_multiple,port) values(10001,'USD','INR',65,0) [42102-196]
	at org.springframework.beans.factory.support.FactoryBeanRegistrySupport.getObjectFromFactoryBean(FactoryBeanRegistrySupport.java:114) ~[spring-beans-5.0.4.RELEASE.jar:5.0.4.RELEASE]
	at org.springframework.beans.factory.support.AbstractBeanFactory.getObjectForBeanInstance(AbstractBeanFactory.java:1645) ~[spring-beans-5.0.4.RELEASE.jar:5.0.4.RELEASE]
	at org.springframework.beans.factory.support.AbstractAutowireCapableBeanFactory.getObjectForBeanInstance(AbstractAutowireCapableBeanFactory.java:1178) ~[spring-beans-5.0.4.RELEASE.jar:5.0.4.RELEASE]
	at org.springframework.beans.factory.support.AbstractBeanFactory.doGetBean(AbstractBeanFactory.java:258) ~[spring-beans-5.0.4.RELEASE.jar:5.0.4.RELEASE]
	at org.springframework.beans.factory.support.AbstractBeanFactory.getBean(AbstractBeanFactory.java:200) ~[spring-beans-5.0.4.RELEASE.jar:5.0.4.RELEASE]
	at org.springframework.beans.factory.support.BeanDefinitionValueResolver.resolveReference(BeanDefinitionValueResolver.java:367) ~[spring-beans-5.0.4.RELEASE.jar:5.0.4.RELEASE]
	... 110 common frames omitted
Caused by: org.springframework.jdbc.datasource.init.ScriptStatementFailedException: Failed to execute SQL script statement #1 of URL [file:/C:/workspace/spring-boot-customer-service/target/classes/data.sql]: insert into exchange_value(id,currency_from,currency_to,conversion_multiple,port) values(10001,'USD','INR',65,0); nested exception is org.h2.jdbc.JdbcSQLException: Table "EXCHANGE_VALUE" not found; SQL statement:
insert into exchange_value(id,currency_from,currency_to,conversion_multiple,port) values(10001,'USD','INR',65,0) [42102-196]
	at org.springframework.jdbc.datasource.init.ScriptUtils.executeSqlScript(ScriptUtils.java:492) ~[spring-jdbc-5.0.4.RELEASE.jar:5.0.4.RELEASE]
	at org.springframework.jdbc.datasource.init.ResourceDatabasePopulator.populate(ResourceDatabasePopulator.java:240) ~[spring-jdbc-5.0.4.RELEASE.jar:5.0.4.RELEASE]
	at org.springframework.jdbc.datasource.init.DatabasePopulatorUtils.execute(DatabasePopulatorUtils.java:48) ~[spring-jdbc-5.0.4.RELEASE.jar:5.0.4.RELEASE]
	at org.springframework.boot.autoconfigure.jdbc.DataSourceInitializer.runScripts(DataSourceInitializer.java:210) ~[spring-boot-autoconfigure-2.0.0.RELEASE.jar:2.0.0.RELEASE]
	at org.springframework.boot.autoconfigure.jdbc.DataSourceInitializer.initSchema(DataSourceInitializer.java:123) ~[spring-boot-autoconfigure-2.0.0.RELEASE.jar:2.0.0.RELEASE]
	at org.springframework.boot.autoconfigure.jdbc.DataSourceInitializerInvoker.onApplicationEvent(DataSourceInitializerInvoker.java:93) ~[spring-boot-autoconfigure-2.0.0.RELEASE.jar:2.0.0.RELEASE]
	at org.springframework.boot.autoconfigure.jdbc.DataSourceInitializerInvoker.onApplicationEvent(DataSourceInitializerInvoker.java:37) ~[spring-boot-autoconfigure-2.0.0.RELEASE.jar:2.0.0.RELEASE]
	at org.springframework.context.event.SimpleApplicationEventMulticaster.doInvokeListener(SimpleApplicationEventMulticaster.java:172) ~[spring-context-5.0.4.RELEASE.jar:5.0.4.RELEASE]
	at org.springframework.context.event.SimpleApplicationEventMulticaster.invokeListener(SimpleApplicationEventMulticaster.java:165) ~[spring-context-5.0.4.RELEASE.jar:5.0.4.RELEASE]
	at org.springframework.context.event.SimpleApplicationEventMulticaster.multicastEvent(SimpleApplicationEventMulticaster.java:139) ~[spring-context-5.0.4.RELEASE.jar:5.0.4.RELEASE]
	at org.springframework.context.support.AbstractApplicationContext.publishEvent(AbstractApplicationContext.java:399) ~[spring-context-5.0.4.RELEASE.jar:5.0.4.RELEASE]
	at org.springframework.context.support.AbstractApplicationContext.publishEvent(AbstractApplicationContext.java:353) ~[spring-context-5.0.4.RELEASE.jar:5.0.4.RELEASE]
	at org.springframework.boot.autoconfigure.orm.jpa.DataSourceInitializedPublisher.publishEventIfRequired(DataSourceInitializedPublisher.java:78) ~[spring-boot-autoconfigure-2.0.0.RELEASE.jar:2.0.0.RELEASE]
	at org.springframework.boot.autoconfigure.orm.jpa.DataSourceInitializedPublisher.postProcessAfterInitialization(DataSourceInitializedPublisher.java:69) ~[spring-boot-autoconfigure-2.0.0.RELEASE.jar:2.0.0.RELEASE]
	at org.springframework.beans.factory.support.AbstractAutowireCapableBeanFactory.applyBeanPostProcessorsAfterInitialization(AbstractAutowireCapableBeanFactory.java:438) ~[spring-beans-5.0.4.RELEASE.jar:5.0.4.RELEASE]
	at org.springframework.beans.factory.support.AbstractAutowireCapableBeanFactory.postProcessObjectFromFactoryBean(AbstractAutowireCapableBeanFactory.java:1852) ~[spring-beans-5.0.4.RELEASE.jar:5.0.4.RELEASE]
	at org.springframework.beans.factory.support.FactoryBeanRegistrySupport.getObjectFromFactoryBean(FactoryBeanRegistrySupport.java:111) ~[spring-beans-5.0.4.RELEASE.jar:5.0.4.RELEASE]
	... 115 common frames omitted
Caused by: org.h2.jdbc.JdbcSQLException: Table "EXCHANGE_VALUE" not found; SQL statement:
insert into exchange_value(id,currency_from,currency_to,conversion_multiple,port) values(10001,'USD','INR',65,0) [42102-196]
	at org.h2.message.DbException.getJdbcSQLException(DbException.java:345) ~[h2-1.4.196.jar:1.4.196]
	at org.h2.message.DbException.get(DbException.java:179) ~[h2-1.4.196.jar:1.4.196]
	at org.h2.message.DbException.get(DbException.java:155) ~[h2-1.4.196.jar:1.4.196]
	at org.h2.command.Parser.readTableOrView(Parser.java:5552) ~[h2-1.4.196.jar:1.4.196]
	at org.h2.command.Parser.readTableOrView(Parser.java:5529) ~[h2-1.4.196.jar:1.4.196]
	at org.h2.command.Parser.parseInsert(Parser.java:1062) ~[h2-1.4.196.jar:1.4.196]
	at org.h2.command.Parser.parsePrepared(Parser.java:417) ~[h2-1.4.196.jar:1.4.196]
	at org.h2.command.Parser.parse(Parser.java:321) ~[h2-1.4.196.jar:1.4.196]
	at org.h2.command.Parser.parse(Parser.java:293) ~[h2-1.4.196.jar:1.4.196]
	at org.h2.command.Parser.prepareCommand(Parser.java:258) ~[h2-1.4.196.jar:1.4.196]
	at org.h2.engine.Session.prepareLocal(Session.java:578) ~[h2-1.4.196.jar:1.4.196]
	at org.h2.engine.Session.prepareCommand(Session.java:519) ~[h2-1.4.196.jar:1.4.196]
	at org.h2.jdbc.JdbcConnection.prepareCommand(JdbcConnection.java:1204) ~[h2-1.4.196.jar:1.4.196]
	at org.h2.jdbc.JdbcStatement.executeInternal(JdbcStatement.java:176) ~[h2-1.4.196.jar:1.4.196]
	at org.h2.jdbc.JdbcStatement.execute(JdbcStatement.java:164) ~[h2-1.4.196.jar:1.4.196]
	at com.zaxxer.hikari.pool.ProxyStatement.execute(ProxyStatement.java:95) ~[HikariCP-2.7.8.jar:na]
	at com.zaxxer.hikari.pool.HikariProxyStatement.execute(HikariProxyStatement.java) ~[HikariCP-2.7.8.jar:na]
	at org.springframework.jdbc.datasource.init.ScriptUtils.executeSqlScript(ScriptUtils.java:471) ~[spring-jdbc-5.0.4.RELEASE.jar:5.0.4.RELEASE]
	... 131 common frames omitted

]]></system-out>
  </testcase>
</testsuite>